2017-06-13 07:21:08 - 
2017-06-13 07:21:08 - _______NEW_START_OF_SERVER_______
2017-06-13 07:21:08 - [GIN-debug] Loaded HTML Templates (4): 
	- cassir.html
	- sushimaker-list.html
	- index.html
	- operator.html

2017-06-13 07:21:08 - [GIN-debug] GET    /ws                       --> project/order/webserver.RegisterRoutes.func1 (3 handlers)
2017-06-13 07:21:08 - [GIN-debug] GET    /                         --> project/order/webserver.RegisterRoutes.func2 (3 handlers)
2017-06-13 07:21:08 - [GIN-debug] GET    /cook.sheldon/            --> project/order/webserver.RegisterRoutes.func3 (3 handlers)
2017-06-13 07:21:08 - [GIN-debug] GET    /cassir/                  --> project/order/webserver.RegisterRoutes.func4 (3 handlers)
2017-06-13 07:21:08 - [GIN-debug] GET    /operator/                --> project/order/webserver.RegisterRoutes.func5 (3 handlers)
2017-06-13 07:21:08 - [GIN-debug] GET    /cook/                    --> project/order/webserver.RegisterRoutes.func6 (3 handlers)
2017-06-13 07:21:08 - [GIN-debug] POST   /poststruct/              --> project/order/webserver.RegisterRoutes.func7 (3 handlers)
2017-06-13 07:21:08 - [GIN-debug] GET    /public/*filepath         --> github.com/gin-gonic/gin.(*RouterGroup).createStaticHandler.func1 (3 handlers)
2017-06-13 07:21:08 - [GIN-debug] HEAD   /public/*filepath         --> github.com/gin-gonic/gin.(*RouterGroup).createStaticHandler.func1 (3 handlers)
2017-06-13 07:21:08 - [GIN-debug] Listening and serving HTTP on :80
2017-06-13 07:21:16 - tls: ERROR get message 37.46.134.23:449 : [48 49 58 123 34 80 114 105 99 101 95 105 100 34 58 54 51 44 34 80 114 105 99 101 78 97 109 101 34 58 34 208 145 208 190 208 187 209 140 209 136 208 190 208 185 32 208 151 208 176 208 191 208 181 209 135 209 145 208 189 208 189 209 139 208 185 32 208 161 208 181 209 130 34 44 34 84 121 112 101 95 105 100 34 58 49 52 44 34 84 121 112 101 78 97 109 101 34 58 34 208 161 208 181 209 130 209 139 34 44 34 80 97 114 101 110 116 95 105 100 34 58 55 44 34 80 97 114 101 110 116 78 97 109 101 34 58 34 208 161 209 131 209 136 208 184 32 208 184 32 209 128 208 190 208 187 208 187 209 139 34 44 34 73 109 97 103 101 34 58 34 104 116 116 112 58 47 47 112 114 111 100 46 121 97 112 111 107 105 46 110 101 116 47 105 109 103 47 52 51 53 95 51 52 54 95 53 56 53 57 97 51 51 102 100 50 56 99 52 98 105 103 122 97 112 115 101 116 46 112 110 103 34 44 34 85 110 105 116 115 34 58 34 208 179 209 128 46 34 44 34 86 97 108 117 101 34 58 57 44 34 83 101 116 34 58 116 114 117 101 44 34 80 114 105 99 101 34 58 56 57 57 44 34 67 111 111 107 105 110 103 84 114 97 99 107 101 114 34 58 49 44 34 84 105 109 101 67 111 111 107 34 58 56 49 48 44 34 84 105 109 101 70 114 121 34 58 48 44 34 67 111 109 112 111 115 105 116 105 111 110 34 58 34 208 160 208 190 208 187 208 187 32 208 151 208 176 208 191 208 181 209 135 209 145 208 189 208 189 209 139 208 185 32 208 154 209 128 208 176 208 177 44 208 160 208 190 208 187 208 187 32 208 151 208 176 208 191 208 181 209 135 209 145 208 189 208 189 209 139 208 185 32 208 166 208 181 208 183 208 176 209 128 209 140 44 208 151 208 176 208 191 208 181 209 135 209 145 208 189 208 189 209 139 208 185 32 208 179 209 131 208 189 208 186 208 176 208 189 32 209 129 32 208 186 209 128 208 181 208 178 208 181 209 130 208 186 208 176 208 188 208 184 44 208 160 208 190 208 187 208 187 32 208 183 208 176 208 191 208 181 209 135 209 145 208 189 208 189 209 139 208 185 32 208 187 208 190 209 129 208 190 209 129 209 140 32 209 129 32 208 186 209 128 208 176 208 177 208 190 208 188 44 208 151 208 176 208 191 208 181 209 135 209 145 208 189 208 189 209 139 208 185 32 208 179 209 131 208 189 208 186 208 176 208 189 32 209 129 32 208 188 208 184 208 180 208 184 209 143 208 188 208 184 44 208 151 208 176 208 191 208 181 209 135 209 145 208 189 208 189 209 139 208 185 32 208 179 209 131 208 189 208 186 208 176 208 189 32 209 129 32 208 186 209 128 208 176 208 177 208 190 208 188 34 44 34 65 100 100 105 116 105 111 110 97 108 108 121 34 58 34 34 44 34 80 97 99 107 97 103 105 110 103 34 58 34 34 44 34 80 114 111 100 117 99 116 72 97 115 104 34 58 34 48 49 99 102 48 53 101 97 55 48 50 48 98 97 48 48 102 101 98 102 97 54 99 102 100 100 97 98 55 48 100 49 55 102 56 102 55 53 57 99 49 53 48 51 51 55 98 101 56 98 48 99 55 98 57 48 53 52 101 100 98 100 101 48 34 125]
2017-06-13 07:21:43 - 
2017-06-13 07:21:43 - _______NEW_START_OF_SERVER_______
2017-06-13 07:21:43 - [GIN-debug] Loaded HTML Templates (4): 
	- operator.html
	- cassir.html
	- sushimaker-list.html
	- index.html

2017-06-13 07:21:43 - [GIN-debug] GET    /ws                       --> project/order/webserver.RegisterRoutes.func1 (3 handlers)
2017-06-13 07:21:43 - [GIN-debug] GET    /                         --> project/order/webserver.RegisterRoutes.func2 (3 handlers)
2017-06-13 07:21:43 - [GIN-debug] GET    /cook.sheldon/            --> project/order/webserver.RegisterRoutes.func3 (3 handlers)
2017-06-13 07:21:43 - [GIN-debug] GET    /cassir/                  --> project/order/webserver.RegisterRoutes.func4 (3 handlers)
2017-06-13 07:21:43 - [GIN-debug] GET    /operator/                --> project/order/webserver.RegisterRoutes.func5 (3 handlers)
2017-06-13 07:21:43 - [GIN-debug] GET    /cook/                    --> project/order/webserver.RegisterRoutes.func6 (3 handlers)
2017-06-13 07:21:43 - [GIN-debug] POST   /poststruct/              --> project/order/webserver.RegisterRoutes.func7 (3 handlers)
2017-06-13 07:21:43 - [GIN-debug] GET    /public/*filepath         --> github.com/gin-gonic/gin.(*RouterGroup).createStaticHandler.func1 (3 handlers)
2017-06-13 07:21:43 - [GIN-debug] HEAD   /public/*filepath         --> github.com/gin-gonic/gin.(*RouterGroup).createStaticHandler.func1 (3 handlers)
2017-06-13 07:21:43 - [GIN-debug] Listening and serving HTTP on :80
2017-06-13 07:22:01 - tls: ERROR get message 37.46.134.23:449 : [48 49 58 123 34 80 114 105 99 101 95 105 100 34 58 54 51 44 34 80 114 105 99 101 78 97 109 101 34 58 34 208 145 208 190 208 187 209 140 209 136 208 190 208 185 32 208 151 208 176 208 191 208 181 209 135 209 145 208 189 208 189 209 139 208 185 32 208 161 208 181 209 130 34 44 34 84 121 112 101 95 105 100 34 58 49 52 44 34 84 121 112 101 78 97 109 101 34 58 34 208 161 208 181 209 130 209 139 34 44 34 80 97 114 101 110 116 95 105 100 34 58 55 44 34 80 97 114 101 110 116 78 97 109 101 34 58 34 208 161 209 131 209 136 208 184 32 208 184 32 209 128 208 190 208 187 208 187 209 139 34 44 34 73 109 97 103 101 34 58 34 104 116 116 112 58 47 47 112 114 111 100 46 121 97 112 111 107 105 46 110 101 116 47 105 109 103 47 52 51 53 95 51 52 54 95 53 56 53 57 97 51 51 102 100 50 56 99 52 98 105 103 122 97 112 115 101 116 46 112 110 103 34 44 34 85 110 105 116 115 34 58 34 208 179 209 128 46 34 44 34 86 97 108 117 101 34 58 57 44 34 83 101 116 34 58 116 114 117 101 44 34 80 114 105 99 101 34 58 56 57 57 44 34 67 111 111 107 105 110 103 84 114 97 99 107 101 114 34 58 49 44 34 84 105 109 101 67 111 111 107 34 58 56 49 48 44 34 84 105 109 101 70 114 121 34 58 48 44 34 67 111 109 112 111 115 105 116 105 111 110 34 58 34 208 160 208 190 208 187 208 187 32 208 151 208 176 208 191 208 181 209 135 209 145 208 189 208 189 209 139 208 185 32 208 154 209 128 208 176 208 177 44 208 160 208 190 208 187 208 187 32 208 151 208 176 208 191 208 181 209 135 209 145 208 189 208 189 209 139 208 185 32 208 166 208 181 208 183 208 176 209 128 209 140 44 208 151 208 176 208 191 208 181 209 135 209 145 208 189 208 189 209 139 208 185 32 208 179 209 131 208 189 208 186 208 176 208 189 32 209 129 32 208 186 209 128 208 181 208 178 208 181 209 130 208 186 208 176 208 188 208 184 44 208 160 208 190 208 187 208 187 32 208 183 208 176 208 191 208 181 209 135 209 145 208 189 208 189 209 139 208 185 32 208 187 208 190 209 129 208 190 209 129 209 140 32 209 129 32 208 186 209 128 208 176 208 177 208 190 208 188 44 208 151 208 176 208 191 208 181 209 135 209 145 208 189 208 189 209 139 208 185 32 208 179 209 131 208 189 208 186 208 176 208 189 32 209 129 32 208 188 208 184 208 180 208 184 209 143 208 188 208 184 44 208 151 208 176 208 191 208 181 209 135 209 145 208 189 208 189 209 139 208 185 32 208 179 209 131 208 189 208 186 208 176 208 189 32 209 129 32 208 186 209 128 208 176 208 177 208 190 208 188 34 44 34 65 100 100 105 116 105 111 110 97 108 108 121 34 58 34 34 44 34 80 97 99 107 97 103 105 110 103 34 58 34 34 44 34 80 114 111 100 117 99 116 72 97 115 104 34 58 34 48 49 99 102 48 53 101 97 55 48 50 48 98 97 48 48 102 101 98 102 97 54 99 102 100 100 97 98 55 48 100 49 55 102 56 102 55 53 57 99 49 53 48 51 51 55 98 101 56 98 48 99 55 98 57 48 53 52 101 100 98 100 101 48 34 125]
2017-06-13 07:23:42 - 
2017-06-13 07:23:42 - _______NEW_START_OF_SERVER_______
2017-06-13 07:23:42 - [GIN-debug] Loaded HTML Templates (4): 
	- cassir.html
	- sushimaker-list.html
	- index.html
	- operator.html

2017-06-13 07:23:42 - [GIN-debug] GET    /ws                       --> project/order/webserver.RegisterRoutes.func1 (3 handlers)
2017-06-13 07:23:42 - [GIN-debug] GET    /                         --> project/order/webserver.RegisterRoutes.func2 (3 handlers)
2017-06-13 07:23:42 - [GIN-debug] GET    /cook.sheldon/            --> project/order/webserver.RegisterRoutes.func3 (3 handlers)
2017-06-13 07:23:42 - [GIN-debug] GET    /cassir/                  --> project/order/webserver.RegisterRoutes.func4 (3 handlers)
2017-06-13 07:23:42 - [GIN-debug] GET    /operator/                --> project/order/webserver.RegisterRoutes.func5 (3 handlers)
2017-06-13 07:23:42 - [GIN-debug] GET    /cook/                    --> project/order/webserver.RegisterRoutes.func6 (3 handlers)
2017-06-13 07:23:42 - [GIN-debug] POST   /poststruct/              --> project/order/webserver.RegisterRoutes.func7 (3 handlers)
2017-06-13 07:23:42 - [GIN-debug] GET    /public/*filepath         --> github.com/gin-gonic/gin.(*RouterGroup).createStaticHandler.func1 (3 handlers)
2017-06-13 07:23:42 - [GIN-debug] HEAD   /public/*filepath         --> github.com/gin-gonic/gin.(*RouterGroup).createStaticHandler.func1 (3 handlers)
2017-06-13 07:23:42 - [GIN-debug] Listening and serving HTTP on :80
2017-06-13 07:23:53 - tls: ERROR get message 37.46.134.23:449 : [48 49 58 123 34 80 114 105 99 101 95 105 100 34 58 54 51 44 34 80 114 105 99 101 78 97 109 101 34 58 34 208 145 208 190 208 187 209 140 209 136 208 190 208 185 32 208 151 208 176 208 191 208 181 209 135 209 145 208 189 208 189 209 139 208 185 32 208 161 208 181 209 130 34 44 34 84 121 112 101 95 105 100 34 58 49 52 44 34 84 121 112 101 78 97 109 101 34 58 34 208 161 208 181 209 130 209 139 34 44 34 80 97 114 101 110 116 95 105 100 34 58 55 44 34 80 97 114 101 110 116 78 97 109 101 34 58 34 208 161 209 131 209 136 208 184 32 208 184 32 209 128 208 190 208 187 208 187 209 139 34 44 34 73 109 97 103 101 34 58 34 104 116 116 112 58 47 47 112 114 111 100 46 121 97 112 111 107 105 46 110 101 116 47 105 109 103 47 52 51 53 95 51 52 54 95 53 56 53 57 97 51 51 102 100 50 56 99 52 98 105 103 122 97 112 115 101 116 46 112 110 103 34 44 34 85 110 105 116 115 34 58 34 208 179 209 128 46 34 44 34 86 97 108 117 101 34 58 57 44 34 83 101 116 34 58 116 114 117 101 44 34 80 114 105 99 101 34 58 56 57 57 44 34 67 111 111 107 105 110 103 84 114 97 99 107 101 114 34 58 49 44 34 84 105 109 101 67 111 111 107 34 58 56 49 48 44 34 84 105 109 101 70 114 121 34 58 48 44 34 67 111 109 112 111 115 105 116 105 111 110 34 58 34 208 160 208 190 208 187 208 187 32 208 151 208 176 208 191 208 181 209 135 209 145 208 189 208 189 209 139 208 185 32 208 154 209 128 208 176 208 177 44 208 160 208 190 208 187 208 187 32 208 151 208 176 208 191 208 181 209 135 209 145 208 189 208 189 209 139 208 185 32 208 166 208 181 208 183 208 176 209 128 209 140 44 208 151 208 176 208 191 208 181 209 135 209 145 208 189 208 189 209 139 208 185 32 208 179 209 131 208 189 208 186 208 176 208 189 32 209 129 32 208 186 209 128 208 181 208 178 208 181 209 130 208 186 208 176 208 188 208 184 44 208 160 208 190 208 187 208 187 32 208 183 208 176 208 191 208 181 209 135 209 145 208 189 208 189 209 139 208 185 32 208 187 208 190 209 129 208 190 209 129 209 140 32 209 129 32 208 186 209 128 208 176 208 177 208 190 208 188 44 208 151 208 176 208 191 208 181 209 135 209 145 208 189 208 189 209 139 208 185 32 208 179 209 131 208 189 208 186 208 176 208 189 32 209 129 32 208 188 208 184 208 180 208 184 209 143 208 188 208 184 44 208 151 208 176 208 191 208 181 209 135 209 145 208 189 208 189 209 139 208 185 32 208 179 209 131 208 189 208 186 208 176 208 189 32 209 129 32 208 186 209 128 208 176 208 177 208 190 208 188 34 44 34 65 100 100 105 116 105 111 110 97 108 108 121 34 58 34 34 44 34 80 97 99 107 97 103 105 110 103 34 58 34 34 44 34 80 114 111 100 117 99 116 72 97 115 104 34 58 34 48 49 99 102 48 53 101 97 55 48 50 48 98 97 48 48 102 101 98 102 97 54 99 102 100 100 97 98 55 48 100 49 55 102 56 102 55 53 57 99 49 53 48 51 51 55 98 101 56 98 48 99 55 98 57 48 53 52 101 100 98 100 101 48 34 125]
2017-06-13 07:26:21 - 
2017-06-13 07:26:21 - _______NEW_START_OF_SERVER_______
2017-06-13 07:26:21 - [GIN-debug] Loaded HTML Templates (4): 
	- cassir.html
	- sushimaker-list.html
	- index.html
	- operator.html

2017-06-13 07:26:21 - [GIN-debug] GET    /ws                       --> project/order/webserver.RegisterRoutes.func1 (3 handlers)
2017-06-13 07:26:21 - [GIN-debug] GET    /                         --> project/order/webserver.RegisterRoutes.func2 (3 handlers)
2017-06-13 07:26:21 - [GIN-debug] GET    /cook.sheldon/            --> project/order/webserver.RegisterRoutes.func3 (3 handlers)
2017-06-13 07:26:21 - [GIN-debug] GET    /cassir/                  --> project/order/webserver.RegisterRoutes.func4 (3 handlers)
2017-06-13 07:26:21 - [GIN-debug] GET    /operator/                --> project/order/webserver.RegisterRoutes.func5 (3 handlers)
2017-06-13 07:26:21 - [GIN-debug] GET    /cook/                    --> project/order/webserver.RegisterRoutes.func6 (3 handlers)
2017-06-13 07:26:21 - [GIN-debug] POST   /poststruct/              --> project/order/webserver.RegisterRoutes.func7 (3 handlers)
2017-06-13 07:26:21 - [GIN-debug] GET    /public/*filepath         --> github.com/gin-gonic/gin.(*RouterGroup).createStaticHandler.func1 (3 handlers)
2017-06-13 07:26:21 - [GIN-debug] HEAD   /public/*filepath         --> github.com/gin-gonic/gin.(*RouterGroup).createStaticHandler.func1 (3 handlers)
2017-06-13 07:26:21 - [GIN-debug] Listening and serving HTTP on :80
2017-06-13 07:26:29 - tls: ERROR get message 37.46.134.23:449 : [48 49 58 123 34 80 114 105 99 101 95 105 100 34 58 54 51 44 34 80 114 105 99 101 78 97 109 101 34 58 34 208 145 208 190 208 187 209 140 209 136 208 190 208 185 32 208 151 208 176 208 191 208 181 209 135 209 145 208 189 208 189 209 139 208 185 32 208 161 208 181 209 130 34 44 34 84 121 112 101 95 105 100 34 58 49 52 44 34 84 121 112 101 78 97 109 101 34 58 34 208 161 208 181 209 130 209 139 34 44 34 80 97 114 101 110 116 95 105 100 34 58 55 44 34 80 97 114 101 110 116 78 97 109 101 34 58 34 208 161 209 131 209 136 208 184 32 208 184 32 209 128 208 190 208 187 208 187 209 139 34 44 34 73 109 97 103 101 34 58 34 104 116 116 112 58 47 47 112 114 111 100 46 121 97 112 111 107 105 46 110 101 116 47 105 109 103 47 52 51 53 95 51 52 54 95 53 56 53 57 97 51 51 102 100 50 56 99 52 98 105 103 122 97 112 115 101 116 46 112 110 103 34 44 34 85 110 105 116 115 34 58 34 208 179 209 128 46 34 44 34 86 97 108 117 101 34 58 57 44 34 83 101 116 34 58 116 114 117 101 44 34 80 114 105 99 101 34 58 56 57 57 44 34 67 111 111 107 105 110 103 84 114 97 99 107 101 114 34 58 49 44 34 84 105 109 101 67 111 111 107 34 58 56 49 48 44 34 84 105 109 101 70 114 121 34 58 48 44 34 67 111 109 112 111 115 105 116 105 111 110 34 58 34 208 160 208 190 208 187 208 187 32 208 151 208 176 208 191 208 181 209 135 209 145 208 189 208 189 209 139 208 185 32 208 154 209 128 208 176 208 177 44 208 160 208 190 208 187 208 187 32 208 151 208 176 208 191 208 181 209 135 209 145 208 189 208 189 209 139 208 185 32 208 166 208 181 208 183 208 176 209 128 209 140 44 208 151 208 176 208 191 208 181 209 135 209 145 208 189 208 189 209 139 208 185 32 208 179 209 131 208 189 208 186 208 176 208 189 32 209 129 32 208 186 209 128 208 181 208 178 208 181 209 130 208 186 208 176 208 188 208 184 44 208 160 208 190 208 187 208 187 32 208 183 208 176 208 191 208 181 209 135 209 145 208 189 208 189 209 139 208 185 32 208 187 208 190 209 129 208 190 209 129 209 140 32 209 129 32 208 186 209 128 208 176 208 177 208 190 208 188 44 208 151 208 176 208 191 208 181 209 135 209 145 208 189 208 189 209 139 208 185 32 208 179 209 131 208 189 208 186 208 176 208 189 32 209 129 32 208 188 208 184 208 180 208 184 209 143 208 188 208 184 44 208 151 208 176 208 191 208 181 209 135 209 145 208 189 208 189 209 139 208 185 32 208 179 209 131 208 189 208 186 208 176 208 189 32 209 129 32 208 186 209 128 208 176 208 177 208 190 208 188 34 44 34 65 100 100 105 116 105 111 110 97 108 108 121 34 58 34 34 44 34 80 97 99 107 97 103 105 110 103 34 58 34 34 44 34 80 114 111 100 117 99 116 72 97 115 104 34 58 34 48 49 99 102 48 53 101 97 55 48 50 48 98 97 48 48 102 101 98 102 97 54 99 102 100 100 97 98 55 48 100 49 55 102 56 102 55 53 57 99 49 53 48 51 51 55 98 101 56 98 48 99 55 98 57 48 53 52 101 100 98 100 101 48 34 125]
2017-06-13 07:29:44 - 
2017-06-13 07:29:44 - _______NEW_START_OF_SERVER_______
2017-06-13 07:29:44 - [GIN-debug] Loaded HTML Templates (4): 
	- sushimaker-list.html
	- index.html
	- operator.html
	- cassir.html

2017-06-13 07:29:44 - [GIN-debug] GET    /ws                       --> project/order/webserver.RegisterRoutes.func1 (3 handlers)
2017-06-13 07:29:44 - [GIN-debug] GET    /                         --> project/order/webserver.RegisterRoutes.func2 (3 handlers)
2017-06-13 07:29:44 - [GIN-debug] GET    /cook.sheldon/            --> project/order/webserver.RegisterRoutes.func3 (3 handlers)
2017-06-13 07:29:44 - [GIN-debug] GET    /cassir/                  --> project/order/webserver.RegisterRoutes.func4 (3 handlers)
2017-06-13 07:29:44 - [GIN-debug] GET    /operator/                --> project/order/webserver.RegisterRoutes.func5 (3 handlers)
2017-06-13 07:29:44 - [GIN-debug] GET    /cook/                    --> project/order/webserver.RegisterRoutes.func6 (3 handlers)
2017-06-13 07:29:44 - [GIN-debug] POST   /poststruct/              --> project/order/webserver.RegisterRoutes.func7 (3 handlers)
2017-06-13 07:29:44 - [GIN-debug] GET    /public/*filepath         --> github.com/gin-gonic/gin.(*RouterGroup).createStaticHandler.func1 (3 handlers)
2017-06-13 07:29:44 - [GIN-debug] HEAD   /public/*filepath         --> github.com/gin-gonic/gin.(*RouterGroup).createStaticHandler.func1 (3 handlers)
2017-06-13 07:29:44 - [GIN-debug] Listening and serving HTTP on :80
2017-06-13 07:29:57 - tls: ERROR get message 37.46.134.23:449 : [48 49 58 123 34 80 114 105 99 101 95 105 100 34 58 54 51 44 34 80 114 105 99 101 78 97 109 101 34 58 34 208 145 208 190 208 187 209 140 209 136 208 190 208 185 32 208 151 208 176 208 191 208 181 209 135 209 145 208 189 208 189 209 139 208 185 32 208 161 208 181 209 130 34 44 34 84 121 112 101 95 105 100 34 58 49 52 44 34 84 121 112 101 78 97 109 101 34 58 34 208 161 208 181 209 130 209 139 34 44 34 80 97 114 101 110 116 95 105 100 34 58 55 44 34 80 97 114 101 110 116 78 97 109 101 34 58 34 208 161 209 131 209 136 208 184 32 208 184 32 209 128 208 190 208 187 208 187 209 139 34 44 34 73 109 97 103 101 34 58 34 104 116 116 112 58 47 47 112 114 111 100 46 121 97 112 111 107 105 46 110 101 116 47 105 109 103 47 52 51 53 95 51 52 54 95 53 56 53 57 97 51 51 102 100 50 56 99 52 98 105 103 122 97 112 115 101 116 46 112 110 103 34 44 34 85 110 105 116 115 34 58 34 208 179 209 128 46 34 44 34 86 97 108 117 101 34 58 57 44 34 83 101 116 34 58 116 114 117 101 44 34 80 114 105 99 101 34 58 56 57 57 44 34 67 111 111 107 105 110 103 84 114 97 99 107 101 114 34 58 49 44 34 84 105 109 101 67 111 111 107 34 58 56 49 48 44 34 84 105 109 101 70 114 121 34 58 48 44 34 67 111 109 112 111 115 105 116 105 111 110 34 58 34 208 160 208 190 208 187 208 187 32 208 151 208 176 208 191 208 181 209 135 209 145 208 189 208 189 209 139 208 185 32 208 154 209 128 208 176 208 177 44 208 160 208 190 208 187 208 187 32 208 151 208 176 208 191 208 181 209 135 209 145 208 189 208 189 209 139 208 185 32 208 166 208 181 208 183 208 176 209 128 209 140 44 208 151 208 176 208 191 208 181 209 135 209 145 208 189 208 189 209 139 208 185 32 208 179 209 131 208 189 208 186 208 176 208 189 32 209 129 32 208 186 209 128 208 181 208 178 208 181 209 130 208 186 208 176 208 188 208 184 44 208 160 208 190 208 187 208 187 32 208 183 208 176 208 191 208 181 209 135 209 145 208 189 208 189 209 139 208 185 32 208 187 208 190 209 129 208 190 209 129 209 140 32 209 129 32 208 186 209 128 208 176 208 177 208 190 208 188 44 208 151 208 176 208 191 208 181 209 135 209 145 208 189 208 189 209 139 208 185 32 208 179 209 131 208 189 208 186 208 176 208 189 32 209 129 32 208 188 208 184 208 180 208 184 209 143 208 188 208 184 44 208 151 208 176 208 191 208 181 209 135 209 145 208 189 208 189 209 139 208 185 32 208 179 209 131 208 189 208 186 208 176 208 189 32 209 129 32 208 186 209 128 208 176 208 177 208 190 208 188 34 44 34 65 100 100 105 116 105 111 110 97 108 108 121 34 58 34 34 44 34 80 97 99 107 97 103 105 110 103 34 58 34 34 44 34 80 114 111 100 117 99 116 72 97 115 104 34 58 34 48 49 99 102 48 53 101 97 55 48 50 48 98 97 48 48 102 101 98 102 97 54 99 102 100 100 97 98 55 48 100 49 55 102 56 102 55 53 57 99 49 53 48 51 51 55 98 101 56 98 48 99 55 98 57 48 53 52 101 100 98 100 101 48 34 125]
2017-06-13 07:30:34 - 
2017-06-13 07:30:34 - _______NEW_START_OF_SERVER_______
2017-06-13 07:30:34 - [GIN-debug] Loaded HTML Templates (4): 
	- index.html
	- operator.html
	- cassir.html
	- sushimaker-list.html

2017-06-13 07:30:34 - [GIN-debug] GET    /ws                       --> project/order/webserver.RegisterRoutes.func1 (3 handlers)
2017-06-13 07:30:34 - [GIN-debug] GET    /                         --> project/order/webserver.RegisterRoutes.func2 (3 handlers)
2017-06-13 07:30:34 - [GIN-debug] GET    /cook.sheldon/            --> project/order/webserver.RegisterRoutes.func3 (3 handlers)
2017-06-13 07:30:34 - [GIN-debug] GET    /cassir/                  --> project/order/webserver.RegisterRoutes.func4 (3 handlers)
2017-06-13 07:30:34 - [GIN-debug] GET    /operator/                --> project/order/webserver.RegisterRoutes.func5 (3 handlers)
2017-06-13 07:30:34 - [GIN-debug] GET    /cook/                    --> project/order/webserver.RegisterRoutes.func6 (3 handlers)
2017-06-13 07:30:34 - [GIN-debug] POST   /poststruct/              --> project/order/webserver.RegisterRoutes.func7 (3 handlers)
2017-06-13 07:30:34 - [GIN-debug] GET    /public/*filepath         --> github.com/gin-gonic/gin.(*RouterGroup).createStaticHandler.func1 (3 handlers)
2017-06-13 07:30:34 - [GIN-debug] HEAD   /public/*filepath         --> github.com/gin-gonic/gin.(*RouterGroup).createStaticHandler.func1 (3 handlers)
2017-06-13 07:30:34 - [GIN-debug] Listening and serving HTTP on :80
2017-06-13 07:30:41 - tls: ERROR get message 37.46.134.23:449 : [48 49 58 123 34 80 114 105 99 101 95 105 100 34 58 54 51 44 34 80 114 105 99 101 78 97 109 101 34 58 34 208 145 208 190 208 187 209 140 209 136 208 190 208 185 32 208 151 208 176 208 191 208 181 209 135 209 145 208 189 208 189 209 139 208 185 32 208 161 208 181 209 130 34 44 34 84 121 112 101 95 105 100 34 58 49 52 44 34 84 121 112 101 78 97 109 101 34 58 34 208 161 208 181 209 130 209 139 34 44 34 80 97 114 101 110 116 95 105 100 34 58 55 44 34 80 97 114 101 110 116 78 97 109 101 34 58 34 208 161 209 131 209 136 208 184 32 208 184 32 209 128 208 190 208 187 208 187 209 139 34 44 34 73 109 97 103 101 34 58 34 104 116 116 112 58 47 47 112 114 111 100 46 121 97 112 111 107 105 46 110 101 116 47 105 109 103 47 52 51 53 95 51 52 54 95 53 56 53 57 97 51 51 102 100 50 56 99 52 98 105 103 122 97 112 115 101 116 46 112 110 103 34 44 34 85 110 105 116 115 34 58 34 208 179 209 128 46 34 44 34 86 97 108 117 101 34 58 57 44 34 83 101 116 34 58 116 114 117 101 44 34 80 114 105 99 101 34 58 56 57 57 44 34 67 111 111 107 105 110 103 84 114 97 99 107 101 114 34 58 49 44 34 84 105 109 101 67 111 111 107 34 58 56 49 48 44 34 84 105 109 101 70 114 121 34 58 48 44 34 67 111 109 112 111 115 105 116 105 111 110 34 58 34 208 160 208 190 208 187 208 187 32 208 151 208 176 208 191 208 181 209 135 209 145 208 189 208 189 209 139 208 185 32 208 154 209 128 208 176 208 177 44 208 160 208 190 208 187 208 187 32 208 151 208 176 208 191 208 181 209 135 209 145 208 189 208 189 209 139 208 185 32 208 166 208 181 208 183 208 176 209 128 209 140 44 208 151 208 176 208 191 208 181 209 135 209 145 208 189 208 189 209 139 208 185 32 208 179 209 131 208 189 208 186 208 176 208 189 32 209 129 32 208 186 209 128 208 181 208 178 208 181 209 130 208 186 208 176 208 188 208 184 44 208 160 208 190 208 187 208 187 32 208 183 208 176 208 191 208 181 209 135 209 145 208 189 208 189 209 139 208 185 32 208 187 208 190 209 129 208 190 209 129 209 140 32 209 129 32 208 186 209 128 208 176 208 177 208 190 208 188 44 208 151 208 176 208 191 208 181 209 135 209 145 208 189 208 189 209 139 208 185 32 208 179 209 131 208 189 208 186 208 176 208 189 32 209 129 32 208 188 208 184 208 180 208 184 209 143 208 188 208 184 44 208 151 208 176 208 191 208 181 209 135 209 145 208 189 208 189 209 139 208 185 32 208 179 209 131 208 189 208 186 208 176 208 189 32 209 129 32 208 186 209 128 208 176 208 177 208 190 208 188 34 44 34 65 100 100 105 116 105 111 110 97 108 108 121 34 58 34 34 44 34 80 97 99 107 97 103 105 110 103 34 58 34 34 44 34 80 114 111 100 117 99 116 72 97 115 104 34 58 34 48 49 99 102 48 53 101 97 55 48 50 48 98 97 48 48 102 101 98 102 97 54 99 102 100 100 97 98 55 48 100 49 55 102 56 102 55 53 57 99 49 53 48 51 51 55 98 101 56 98 48 99 55 98 57 48 53 52 101 100 98 100 101 48 34 125]
2017-06-13 07:33:43 - 
2017-06-13 07:33:43 - _______NEW_START_OF_SERVER_______
2017-06-13 07:33:43 - [GIN-debug] Loaded HTML Templates (4): 
	- sushimaker-list.html
	- index.html
	- operator.html
	- cassir.html

2017-06-13 07:33:43 - [GIN-debug] GET    /ws                       --> project/order/webserver.RegisterRoutes.func1 (3 handlers)
2017-06-13 07:33:43 - [GIN-debug] GET    /                         --> project/order/webserver.RegisterRoutes.func2 (3 handlers)
2017-06-13 07:33:43 - [GIN-debug] GET    /cook.sheldon/            --> project/order/webserver.RegisterRoutes.func3 (3 handlers)
2017-06-13 07:33:43 - [GIN-debug] GET    /cassir/                  --> project/order/webserver.RegisterRoutes.func4 (3 handlers)
2017-06-13 07:33:43 - [GIN-debug] GET    /operator/                --> project/order/webserver.RegisterRoutes.func5 (3 handlers)
2017-06-13 07:33:43 - [GIN-debug] GET    /cook/                    --> project/order/webserver.RegisterRoutes.func6 (3 handlers)
2017-06-13 07:33:43 - [GIN-debug] POST   /poststruct/              --> project/order/webserver.RegisterRoutes.func7 (3 handlers)
2017-06-13 07:33:43 - [GIN-debug] GET    /public/*filepath         --> github.com/gin-gonic/gin.(*RouterGroup).createStaticHandler.func1 (3 handlers)
2017-06-13 07:33:43 - [GIN-debug] HEAD   /public/*filepath         --> github.com/gin-gonic/gin.(*RouterGroup).createStaticHandler.func1 (3 handlers)
2017-06-13 07:33:43 - [GIN-debug] Listening and serving HTTP on :80
2017-06-13 07:33:59 - tls: ERROR get message 37.46.134.23:449 : [48 49 58 123 34 80 114 105 99 101 95 105 100 34 58 54 51 44 34 80 114 105 99 101 78 97 109 101 34 58 34 208 145 208 190 208 187 209 140 209 136 208 190 208 185 32 208 151 208 176 208 191 208 181 209 135 209 145 208 189 208 189 209 139 208 185 32 208 161 208 181 209 130 34 44 34 84 121 112 101 95 105 100 34 58 49 52 44 34 84 121 112 101 78 97 109 101 34 58 34 208 161 208 181 209 130 209 139 34 44 34 80 97 114 101 110 116 95 105 100 34 58 55 44 34 80 97 114 101 110 116 78 97 109 101 34 58 34 208 161 209 131 209 136 208 184 32 208 184 32 209 128 208 190 208 187 208 187 209 139 34 44 34 73 109 97 103 101 34 58 34 104 116 116 112 58 47 47 112 114 111 100 46 121 97 112 111 107 105 46 110 101 116 47 105 109 103 47 52 51 53 95 51 52 54 95 53 56 53 57 97 51 51 102 100 50 56 99 52 98 105 103 122 97 112 115 101 116 46 112 110 103 34 44 34 85 110 105 116 115 34 58 34 208 179 209 128 46 34 44 34 86 97 108 117 101 34 58 57 44 34 83 101 116 34 58 116 114 117 101 44 34 80 114 105 99 101 34 58 56 57 57 44 34 67 111 111 107 105 110 103 84 114 97 99 107 101 114 34 58 49 44 34 84 105 109 101 67 111 111 107 34 58 56 49 48 44 34 84 105 109 101 70 114 121 34 58 48 44 34 67 111 109 112 111 115 105 116 105 111 110 34 58 34 208 160 208 190 208 187 208 187 32 208 151 208 176 208 191 208 181 209 135 209 145 208 189 208 189 209 139 208 185 32 208 154 209 128 208 176 208 177 44 208 160 208 190 208 187 208 187 32 208 151 208 176 208 191 208 181 209 135 209 145 208 189 208 189 209 139 208 185 32 208 166 208 181 208 183 208 176 209 128 209 140 44 208 151 208 176 208 191 208 181 209 135 209 145 208 189 208 189 209 139 208 185 32 208 179 209 131 208 189 208 186 208 176 208 189 32 209 129 32 208 186 209 128 208 181 208 178 208 181 209 130 208 186 208 176 208 188 208 184 44 208 160 208 190 208 187 208 187 32 208 183 208 176 208 191 208 181 209 135 209 145 208 189 208 189 209 139 208 185 32 208 187 208 190 209 129 208 190 209 129 209 140 32 209 129 32 208 186 209 128 208 176 208 177 208 190 208 188 44 208 151 208 176 208 191 208 181 209 135 209 145 208 189 208 189 209 139 208 185 32 208 179 209 131 208 189 208 186 208 176 208 189 32 209 129 32 208 188 208 184 208 180 208 184 209 143 208 188 208 184 44 208 151 208 176 208 191 208 181 209 135 209 145 208 189 208 189 209 139 208 185 32 208 179 209 131 208 189 208 186 208 176 208 189 32 209 129 32 208 186 209 128 208 176 208 177 208 190 208 188 34 44 34 65 100 100 105 116 105 111 110 97 108 108 121 34 58 34 34 44 34 80 97 99 107 97 103 105 110 103 34 58 34 34 44 34 80 114 111 100 117 99 116 72 97 115 104 34 58 34 48 49 99 102 48 53 101 97 55 48 50 48 98 97 48 48 102 101 98 102 97 54 99 102 100 100 97 98 55 48 100 49 55 102 56 102 55 53 57 99 49 53 48 51 51 55 98 101 56 98 48 99 55 98 57 48 53 52 101 100 98 100 101 48 34 125]
2017-06-13 07:34:49 - 
2017-06-13 07:34:49 - _______NEW_START_OF_SERVER_______
2017-06-13 07:34:49 - [GIN-debug] Loaded HTML Templates (4): 
	- cassir.html
	- sushimaker-list.html
	- index.html
	- operator.html

2017-06-13 07:34:49 - [GIN-debug] GET    /ws                       --> project/order/webserver.RegisterRoutes.func1 (3 handlers)
2017-06-13 07:34:49 - [GIN-debug] GET    /                         --> project/order/webserver.RegisterRoutes.func2 (3 handlers)
2017-06-13 07:34:49 - [GIN-debug] GET    /cook.sheldon/            --> project/order/webserver.RegisterRoutes.func3 (3 handlers)
2017-06-13 07:34:49 - [GIN-debug] GET    /cassir/                  --> project/order/webserver.RegisterRoutes.func4 (3 handlers)
2017-06-13 07:34:49 - [GIN-debug] GET    /operator/                --> project/order/webserver.RegisterRoutes.func5 (3 handlers)
2017-06-13 07:34:49 - [GIN-debug] GET    /cook/                    --> project/order/webserver.RegisterRoutes.func6 (3 handlers)
2017-06-13 07:34:49 - [GIN-debug] POST   /poststruct/              --> project/order/webserver.RegisterRoutes.func7 (3 handlers)
2017-06-13 07:34:49 - [GIN-debug] GET    /public/*filepath         --> github.com/gin-gonic/gin.(*RouterGroup).createStaticHandler.func1 (3 handlers)
2017-06-13 07:34:49 - [GIN-debug] HEAD   /public/*filepath         --> github.com/gin-gonic/gin.(*RouterGroup).createStaticHandler.func1 (3 handlers)
2017-06-13 07:34:49 - [GIN-debug] Listening and serving HTTP on :80
