2017-06-09 08:37:31 - 
2017-06-09 08:37:31 - _______NEW_START_OF_SERVER_______
2017-06-09 08:37:31 - [GIN-debug] Loaded HTML Templates (4): 
	- operator.html
	- cassir.html
	- sushimaker-list.html
	- index.html

2017-06-09 08:37:31 - [GIN-debug] GET    /ws                       --> project/order/webserver.RegisterRoutes.func1 (3 handlers)
2017-06-09 08:37:31 - [GIN-debug] GET    /                         --> project/order/webserver.RegisterRoutes.func2 (3 handlers)
2017-06-09 08:37:31 - [GIN-debug] GET    /cook.sheldon/            --> project/order/webserver.RegisterRoutes.func3 (3 handlers)
2017-06-09 08:37:31 - [GIN-debug] GET    /cassir/                  --> project/order/webserver.RegisterRoutes.func4 (3 handlers)
2017-06-09 08:37:31 - [GIN-debug] GET    /operator/                --> project/order/webserver.RegisterRoutes.func5 (3 handlers)
2017-06-09 08:37:31 - [GIN-debug] GET    /cook/                    --> project/order/webserver.RegisterRoutes.func6 (3 handlers)
2017-06-09 08:37:31 - [GIN-debug] POST   /poststruct/              --> project/order/webserver.RegisterRoutes.func7 (3 handlers)
2017-06-09 08:37:31 - [GIN-debug] GET    /public/*filepath         --> github.com/gin-gonic/gin.(*RouterGroup).createStaticHandler.func1 (3 handlers)
2017-06-09 08:37:31 - [GIN-debug] HEAD   /public/*filepath         --> github.com/gin-gonic/gin.(*RouterGroup).createStaticHandler.func1 (3 handlers)
2017-06-09 08:37:31 - [GIN-debug] Listening and serving HTTP on :80
2017-06-09 08:39:40 - sql: no rows in result set
2017-06-09 08:39:40 - messageToWebSocTrans:  Missmatch request!
2017-06-09 08:58:00 - sql: no rows in result set
2017-06-09 08:58:00 - messageToWebSocTrans:  Missmatch request!
