2017-06-08 06:37:00 - 
2017-06-08 06:37:00 - _______NEW_START_OF_SERVER_______
2017-06-08 06:37:00 - [GIN-debug] Loaded HTML Templates (4): 
	- operator.html
	- cassir.html
	- sushimaker-list.html
	- index.html

2017-06-08 06:37:00 - [GIN-debug] GET    /ws                       --> project/orders/webserver.RegisterRoutes.func1 (3 handlers)
2017-06-08 06:37:00 - [GIN-debug] GET    /                         --> project/orders/webserver.RegisterRoutes.func2 (3 handlers)
2017-06-08 06:37:00 - [GIN-debug] GET    /cook.sheldon/            --> project/orders/webserver.RegisterRoutes.func3 (3 handlers)
2017-06-08 06:37:00 - [GIN-debug] GET    /cassir/                  --> project/orders/webserver.RegisterRoutes.func4 (3 handlers)
2017-06-08 06:37:00 - [GIN-debug] GET    /operator/                --> project/orders/webserver.RegisterRoutes.func5 (3 handlers)
2017-06-08 06:37:00 - [GIN-debug] GET    /cook/                    --> project/orders/webserver.RegisterRoutes.func6 (3 handlers)
2017-06-08 06:37:00 - [GIN-debug] POST   /poststruct/              --> project/orders/webserver.RegisterRoutes.func7 (3 handlers)
2017-06-08 06:37:00 - [GIN-debug] POST   /                         --> project/orders/webserver.RegisterRoutes.func8 (3 handlers)
2017-06-08 06:37:00 - [GIN-debug] GET    /public/*filepath         --> github.com/gin-gonic/gin.(*RouterGroup).createStaticHandler.func1 (3 handlers)
2017-06-08 06:37:00 - [GIN-debug] HEAD   /public/*filepath         --> github.com/gin-gonic/gin.(*RouterGroup).createStaticHandler.func1 (3 handlers)
2017-06-08 06:37:00 - [GIN-debug] Listening and serving HTTP on :80
2017-06-08 06:44:43 - 
2017-06-08 06:44:43 - _______NEW_START_OF_SERVER_______
2017-06-08 06:44:43 - [GIN-debug] Loaded HTML Templates (4): 
	- cassir.html
	- sushimaker-list.html
	- index.html
	- operator.html

2017-06-08 06:44:43 - [GIN-debug] GET    /ws                       --> project/orders/webserver.RegisterRoutes.func1 (3 handlers)
2017-06-08 06:44:43 - [GIN-debug] GET    /                         --> project/orders/webserver.RegisterRoutes.func2 (3 handlers)
2017-06-08 06:44:43 - [GIN-debug] GET    /cook.sheldon/            --> project/orders/webserver.RegisterRoutes.func3 (3 handlers)
2017-06-08 06:44:43 - [GIN-debug] GET    /cassir/                  --> project/orders/webserver.RegisterRoutes.func4 (3 handlers)
2017-06-08 06:44:43 - [GIN-debug] GET    /operator/                --> project/orders/webserver.RegisterRoutes.func5 (3 handlers)
2017-06-08 06:44:43 - [GIN-debug] GET    /cook/                    --> project/orders/webserver.RegisterRoutes.func6 (3 handlers)
2017-06-08 06:44:43 - [GIN-debug] POST   /poststruct/              --> project/orders/webserver.RegisterRoutes.func7 (3 handlers)
2017-06-08 06:44:43 - [GIN-debug] POST   /                         --> project/orders/webserver.RegisterRoutes.func8 (3 handlers)
2017-06-08 06:44:43 - [GIN-debug] GET    /public/*filepath         --> github.com/gin-gonic/gin.(*RouterGroup).createStaticHandler.func1 (3 handlers)
2017-06-08 06:44:43 - [GIN-debug] HEAD   /public/*filepath         --> github.com/gin-gonic/gin.(*RouterGroup).createStaticHandler.func1 (3 handlers)
2017-06-08 06:44:43 - [GIN-debug] Listening and serving HTTP on :80
2017-06-08 06:46:16 - 
2017-06-08 06:46:16 - _______NEW_START_OF_SERVER_______
2017-06-08 06:46:16 - [GIN-debug] Loaded HTML Templates (4): 
	- sushimaker-list.html
	- index.html
	- operator.html
	- cassir.html

2017-06-08 06:46:16 - [GIN-debug] GET    /ws                       --> project/orders/webserver.RegisterRoutes.func1 (3 handlers)
2017-06-08 06:46:16 - [GIN-debug] GET    /                         --> project/orders/webserver.RegisterRoutes.func2 (3 handlers)
2017-06-08 06:46:16 - [GIN-debug] GET    /cook.sheldon/            --> project/orders/webserver.RegisterRoutes.func3 (3 handlers)
2017-06-08 06:46:16 - [GIN-debug] GET    /cassir/                  --> project/orders/webserver.RegisterRoutes.func4 (3 handlers)
2017-06-08 06:46:16 - [GIN-debug] GET    /operator/                --> project/orders/webserver.RegisterRoutes.func5 (3 handlers)
2017-06-08 06:46:16 - [GIN-debug] GET    /cook/                    --> project/orders/webserver.RegisterRoutes.func6 (3 handlers)
2017-06-08 06:46:16 - [GIN-debug] POST   /poststruct/              --> project/orders/webserver.RegisterRoutes.func7 (3 handlers)
2017-06-08 06:46:16 - [GIN-debug] POST   /                         --> project/orders/webserver.RegisterRoutes.func8 (3 handlers)
2017-06-08 06:46:16 - [GIN-debug] GET    /public/*filepath         --> github.com/gin-gonic/gin.(*RouterGroup).createStaticHandler.func1 (3 handlers)
2017-06-08 06:46:16 - [GIN-debug] HEAD   /public/*filepath         --> github.com/gin-gonic/gin.(*RouterGroup).createStaticHandler.func1 (3 handlers)
2017-06-08 06:46:16 - [GIN-debug] Listening and serving HTTP on :80
2017-06-08 06:48:14 - 
2017-06-08 06:48:14 - _______NEW_START_OF_SERVER_______
2017-06-08 06:48:14 - [GIN-debug] Loaded HTML Templates (4): 
	- sushimaker-list.html
	- index.html
	- operator.html
	- cassir.html

2017-06-08 06:48:14 - [GIN-debug] GET    /ws                       --> project/orders/webserver.RegisterRoutes.func1 (3 handlers)
2017-06-08 06:48:14 - [GIN-debug] GET    /                         --> project/orders/webserver.RegisterRoutes.func2 (3 handlers)
2017-06-08 06:48:14 - [GIN-debug] GET    /cook.sheldon/            --> project/orders/webserver.RegisterRoutes.func3 (3 handlers)
2017-06-08 06:48:14 - [GIN-debug] GET    /cassir/                  --> project/orders/webserver.RegisterRoutes.func4 (3 handlers)
2017-06-08 06:48:14 - [GIN-debug] GET    /operator/                --> project/orders/webserver.RegisterRoutes.func5 (3 handlers)
2017-06-08 06:48:14 - [GIN-debug] GET    /cook/                    --> project/orders/webserver.RegisterRoutes.func6 (3 handlers)
2017-06-08 06:48:14 - [GIN-debug] POST   /poststruct/              --> project/orders/webserver.RegisterRoutes.func7 (3 handlers)
2017-06-08 06:48:14 - [GIN-debug] POST   /                         --> project/orders/webserver.RegisterRoutes.func8 (3 handlers)
2017-06-08 06:48:14 - [GIN-debug] GET    /public/*filepath         --> github.com/gin-gonic/gin.(*RouterGroup).createStaticHandler.func1 (3 handlers)
2017-06-08 06:48:14 - [GIN-debug] HEAD   /public/*filepath         --> github.com/gin-gonic/gin.(*RouterGroup).createStaticHandler.func1 (3 handlers)
2017-06-08 06:48:14 - [GIN-debug] Listening and serving HTTP on :80
2017-06-08 06:50:10 - 
2017-06-08 06:50:10 - _______NEW_START_OF_SERVER_______
2017-06-08 06:50:10 - [GIN-debug] Loaded HTML Templates (4): 
	- operator.html
	- cassir.html
	- sushimaker-list.html
	- index.html

2017-06-08 06:50:10 - [GIN-debug] GET    /ws                       --> project/orders/webserver.RegisterRoutes.func1 (3 handlers)
2017-06-08 06:50:10 - [GIN-debug] GET    /                         --> project/orders/webserver.RegisterRoutes.func2 (3 handlers)
2017-06-08 06:50:10 - [GIN-debug] GET    /cook.sheldon/            --> project/orders/webserver.RegisterRoutes.func3 (3 handlers)
2017-06-08 06:50:10 - [GIN-debug] GET    /cassir/                  --> project/orders/webserver.RegisterRoutes.func4 (3 handlers)
2017-06-08 06:50:10 - [GIN-debug] GET    /operator/                --> project/orders/webserver.RegisterRoutes.func5 (3 handlers)
2017-06-08 06:50:10 - [GIN-debug] GET    /cook/                    --> project/orders/webserver.RegisterRoutes.func6 (3 handlers)
2017-06-08 06:50:10 - [GIN-debug] POST   /poststruct/              --> project/orders/webserver.RegisterRoutes.func7 (3 handlers)
2017-06-08 06:50:10 - [GIN-debug] POST   /                         --> project/orders/webserver.RegisterRoutes.func8 (3 handlers)
2017-06-08 06:50:10 - [GIN-debug] GET    /public/*filepath         --> github.com/gin-gonic/gin.(*RouterGroup).createStaticHandler.func1 (3 handlers)
2017-06-08 06:50:10 - [GIN-debug] HEAD   /public/*filepath         --> github.com/gin-gonic/gin.(*RouterGroup).createStaticHandler.func1 (3 handlers)
2017-06-08 06:50:10 - [GIN-debug] Listening and serving HTTP on :80
2017-06-08 07:05:22 - 
2017-06-08 07:05:22 - _______NEW_START_OF_SERVER_______
2017-06-08 07:05:22 - [GIN-debug] Loaded HTML Templates (4): 
	- index.html
	- operator.html
	- cassir.html
	- sushimaker-list.html

2017-06-08 07:05:22 - [GIN-debug] GET    /ws                       --> project/orders/webserver.RegisterRoutes.func1 (3 handlers)
2017-06-08 07:05:22 - [GIN-debug] GET    /                         --> project/orders/webserver.RegisterRoutes.func2 (3 handlers)
2017-06-08 07:05:22 - [GIN-debug] GET    /cook.sheldon/            --> project/orders/webserver.RegisterRoutes.func3 (3 handlers)
2017-06-08 07:05:22 - [GIN-debug] GET    /cassir/                  --> project/orders/webserver.RegisterRoutes.func4 (3 handlers)
2017-06-08 07:05:22 - [GIN-debug] GET    /operator/                --> project/orders/webserver.RegisterRoutes.func5 (3 handlers)
2017-06-08 07:05:22 - [GIN-debug] GET    /cook/                    --> project/orders/webserver.RegisterRoutes.func6 (3 handlers)
2017-06-08 07:05:22 - [GIN-debug] POST   /poststruct/              --> project/orders/webserver.RegisterRoutes.func7 (3 handlers)
2017-06-08 07:05:22 - [GIN-debug] POST   /                         --> project/orders/webserver.RegisterRoutes.func8 (3 handlers)
2017-06-08 07:05:22 - [GIN-debug] GET    /public/*filepath         --> github.com/gin-gonic/gin.(*RouterGroup).createStaticHandler.func1 (3 handlers)
2017-06-08 07:05:22 - [GIN-debug] HEAD   /public/*filepath         --> github.com/gin-gonic/gin.(*RouterGroup).createStaticHandler.func1 (3 handlers)
2017-06-08 07:05:22 - [GIN-debug] Listening and serving HTTP on :80
2017-06-08 07:07:06 - 
2017-06-08 07:07:06 - _______NEW_START_OF_SERVER_______
2017-06-08 07:07:06 - [GIN-debug] Loaded HTML Templates (4): 
	- cassir.html
	- sushimaker-list.html
	- index.html
	- operator.html

2017-06-08 07:07:06 - [GIN-debug] GET    /ws                       --> project/orders/webserver.RegisterRoutes.func1 (3 handlers)
2017-06-08 07:07:06 - [GIN-debug] GET    /                         --> project/orders/webserver.RegisterRoutes.func2 (3 handlers)
2017-06-08 07:07:06 - [GIN-debug] GET    /cook.sheldon/            --> project/orders/webserver.RegisterRoutes.func3 (3 handlers)
2017-06-08 07:07:06 - [GIN-debug] GET    /cassir/                  --> project/orders/webserver.RegisterRoutes.func4 (3 handlers)
2017-06-08 07:07:06 - [GIN-debug] GET    /operator/                --> project/orders/webserver.RegisterRoutes.func5 (3 handlers)
2017-06-08 07:07:06 - [GIN-debug] GET    /cook/                    --> project/orders/webserver.RegisterRoutes.func6 (3 handlers)
2017-06-08 07:07:06 - [GIN-debug] POST   /poststruct/              --> project/orders/webserver.RegisterRoutes.func7 (3 handlers)
2017-06-08 07:07:06 - [GIN-debug] POST   /                         --> project/orders/webserver.RegisterRoutes.func8 (3 handlers)
2017-06-08 07:07:06 - [GIN-debug] GET    /public/*filepath         --> github.com/gin-gonic/gin.(*RouterGroup).createStaticHandler.func1 (3 handlers)
2017-06-08 07:07:06 - [GIN-debug] HEAD   /public/*filepath         --> github.com/gin-gonic/gin.(*RouterGroup).createStaticHandler.func1 (3 handlers)
2017-06-08 07:07:06 - [GIN-debug] Listening and serving HTTP on :80
2017-06-08 07:08:23 - 
2017-06-08 07:08:23 - _______NEW_START_OF_SERVER_______
2017-06-08 07:08:23 - [GIN-debug] Loaded HTML Templates (4): 
	- cassir.html
	- sushimaker-list.html
	- index.html
	- operator.html

2017-06-08 07:08:23 - [GIN-debug] GET    /ws                       --> project/orders/webserver.RegisterRoutes.func1 (3 handlers)
2017-06-08 07:08:23 - [GIN-debug] GET    /                         --> project/orders/webserver.RegisterRoutes.func2 (3 handlers)
2017-06-08 07:08:23 - [GIN-debug] GET    /cook.sheldon/            --> project/orders/webserver.RegisterRoutes.func3 (3 handlers)
2017-06-08 07:08:23 - [GIN-debug] GET    /cassir/                  --> project/orders/webserver.RegisterRoutes.func4 (3 handlers)
2017-06-08 07:08:23 - [GIN-debug] GET    /operator/                --> project/orders/webserver.RegisterRoutes.func5 (3 handlers)
2017-06-08 07:08:23 - [GIN-debug] GET    /cook/                    --> project/orders/webserver.RegisterRoutes.func6 (3 handlers)
2017-06-08 07:08:23 - [GIN-debug] POST   /poststruct/              --> project/orders/webserver.RegisterRoutes.func7 (3 handlers)
2017-06-08 07:08:23 - [GIN-debug] POST   /                         --> project/orders/webserver.RegisterRoutes.func8 (3 handlers)
2017-06-08 07:08:23 - [GIN-debug] GET    /public/*filepath         --> github.com/gin-gonic/gin.(*RouterGroup).createStaticHandler.func1 (3 handlers)
2017-06-08 07:08:23 - [GIN-debug] HEAD   /public/*filepath         --> github.com/gin-gonic/gin.(*RouterGroup).createStaticHandler.func1 (3 handlers)
2017-06-08 07:08:23 - [GIN-debug] Listening and serving HTTP on :80
2017-06-08 07:15:49 - 
2017-06-08 07:15:49 - _______NEW_START_OF_SERVER_______
2017-06-08 07:15:49 - [GIN-debug] Loaded HTML Templates (4): 
	- operator.html
	- cassir.html
	- sushimaker-list.html
	- index.html

2017-06-08 07:15:49 - [GIN-debug] GET    /ws                       --> project/orders/webserver.RegisterRoutes.func1 (3 handlers)
2017-06-08 07:15:49 - [GIN-debug] GET    /                         --> project/orders/webserver.RegisterRoutes.func2 (3 handlers)
2017-06-08 07:15:49 - [GIN-debug] GET    /cook.sheldon/            --> project/orders/webserver.RegisterRoutes.func3 (3 handlers)
2017-06-08 07:15:49 - [GIN-debug] GET    /cassir/                  --> project/orders/webserver.RegisterRoutes.func4 (3 handlers)
2017-06-08 07:15:49 - [GIN-debug] GET    /operator/                --> project/orders/webserver.RegisterRoutes.func5 (3 handlers)
2017-06-08 07:15:49 - [GIN-debug] GET    /cook/                    --> project/orders/webserver.RegisterRoutes.func6 (3 handlers)
2017-06-08 07:15:49 - [GIN-debug] POST   /poststruct/              --> project/orders/webserver.RegisterRoutes.func7 (3 handlers)
2017-06-08 07:15:49 - [GIN-debug] POST   /                         --> project/orders/webserver.RegisterRoutes.func8 (3 handlers)
2017-06-08 07:15:49 - [GIN-debug] GET    /public/*filepath         --> github.com/gin-gonic/gin.(*RouterGroup).createStaticHandler.func1 (3 handlers)
2017-06-08 07:15:49 - [GIN-debug] HEAD   /public/*filepath         --> github.com/gin-gonic/gin.(*RouterGroup).createStaticHandler.func1 (3 handlers)
2017-06-08 07:15:49 - [GIN-debug] Listening and serving HTTP on :80
2017-06-08 07:20:06 - 
2017-06-08 07:20:06 - _______NEW_START_OF_SERVER_______
2017-06-08 07:20:06 - [GIN-debug] Loaded HTML Templates (4): 
	- operator.html
	- cassir.html
	- sushimaker-list.html
	- index.html

2017-06-08 07:20:06 - [GIN-debug] GET    /ws                       --> project/orders/webserver.RegisterRoutes.func1 (3 handlers)
2017-06-08 07:20:06 - [GIN-debug] GET    /                         --> project/orders/webserver.RegisterRoutes.func2 (3 handlers)
2017-06-08 07:20:06 - [GIN-debug] GET    /cook.sheldon/            --> project/orders/webserver.RegisterRoutes.func3 (3 handlers)
2017-06-08 07:20:06 - [GIN-debug] GET    /cassir/                  --> project/orders/webserver.RegisterRoutes.func4 (3 handlers)
2017-06-08 07:20:06 - [GIN-debug] GET    /operator/                --> project/orders/webserver.RegisterRoutes.func5 (3 handlers)
2017-06-08 07:20:06 - [GIN-debug] GET    /cook/                    --> project/orders/webserver.RegisterRoutes.func6 (3 handlers)
2017-06-08 07:20:06 - [GIN-debug] POST   /poststruct/              --> project/orders/webserver.RegisterRoutes.func7 (3 handlers)
2017-06-08 07:20:06 - [GIN-debug] POST   /                         --> project/orders/webserver.RegisterRoutes.func8 (3 handlers)
2017-06-08 07:20:06 - [GIN-debug] GET    /public/*filepath         --> github.com/gin-gonic/gin.(*RouterGroup).createStaticHandler.func1 (3 handlers)
2017-06-08 07:20:06 - [GIN-debug] HEAD   /public/*filepath         --> github.com/gin-gonic/gin.(*RouterGroup).createStaticHandler.func1 (3 handlers)
2017-06-08 07:20:06 - [GIN-debug] Listening and serving HTTP on :80
2017-06-08 07:21:29 - 
2017-06-08 07:21:29 - _______NEW_START_OF_SERVER_______
2017-06-08 07:21:29 - [GIN-debug] Loaded HTML Templates (4): 
	- operator.html
	- cassir.html
	- sushimaker-list.html
	- index.html

2017-06-08 07:21:29 - [GIN-debug] GET    /ws                       --> project/orders/webserver.RegisterRoutes.func1 (3 handlers)
2017-06-08 07:21:29 - [GIN-debug] GET    /                         --> project/orders/webserver.RegisterRoutes.func2 (3 handlers)
2017-06-08 07:21:29 - [GIN-debug] GET    /cook.sheldon/            --> project/orders/webserver.RegisterRoutes.func3 (3 handlers)
2017-06-08 07:21:29 - [GIN-debug] GET    /cassir/                  --> project/orders/webserver.RegisterRoutes.func4 (3 handlers)
2017-06-08 07:21:29 - [GIN-debug] GET    /operator/                --> project/orders/webserver.RegisterRoutes.func5 (3 handlers)
2017-06-08 07:21:29 - [GIN-debug] GET    /cook/                    --> project/orders/webserver.RegisterRoutes.func6 (3 handlers)
2017-06-08 07:21:29 - [GIN-debug] POST   /poststruct/              --> project/orders/webserver.RegisterRoutes.func7 (3 handlers)
2017-06-08 07:21:29 - [GIN-debug] POST   /                         --> project/orders/webserver.RegisterRoutes.func8 (3 handlers)
2017-06-08 07:21:29 - [GIN-debug] GET    /public/*filepath         --> github.com/gin-gonic/gin.(*RouterGroup).createStaticHandler.func1 (3 handlers)
2017-06-08 07:21:29 - [GIN-debug] HEAD   /public/*filepath         --> github.com/gin-gonic/gin.(*RouterGroup).createStaticHandler.func1 (3 handlers)
2017-06-08 07:21:29 - [GIN-debug] Listening and serving HTTP on :80
2017-06-08 07:23:05 - 
2017-06-08 07:23:05 - _______NEW_START_OF_SERVER_______
2017-06-08 07:23:05 - [GIN-debug] Loaded HTML Templates (4): 
	- cassir.html
	- sushimaker-list.html
	- index.html
	- operator.html

2017-06-08 07:23:05 - [GIN-debug] GET    /ws                       --> project/orders/webserver.RegisterRoutes.func1 (3 handlers)
2017-06-08 07:23:05 - [GIN-debug] GET    /                         --> project/orders/webserver.RegisterRoutes.func2 (3 handlers)
2017-06-08 07:23:05 - [GIN-debug] GET    /cook.sheldon/            --> project/orders/webserver.RegisterRoutes.func3 (3 handlers)
2017-06-08 07:23:05 - [GIN-debug] GET    /cassir/                  --> project/orders/webserver.RegisterRoutes.func4 (3 handlers)
2017-06-08 07:23:05 - [GIN-debug] GET    /operator/                --> project/orders/webserver.RegisterRoutes.func5 (3 handlers)
2017-06-08 07:23:05 - [GIN-debug] GET    /cook/                    --> project/orders/webserver.RegisterRoutes.func6 (3 handlers)
2017-06-08 07:23:05 - [GIN-debug] POST   /poststruct/              --> project/orders/webserver.RegisterRoutes.func7 (3 handlers)
2017-06-08 07:23:05 - [GIN-debug] POST   /                         --> project/orders/webserver.RegisterRoutes.func8 (3 handlers)
2017-06-08 07:23:05 - [GIN-debug] GET    /public/*filepath         --> github.com/gin-gonic/gin.(*RouterGroup).createStaticHandler.func1 (3 handlers)
2017-06-08 07:23:05 - [GIN-debug] HEAD   /public/*filepath         --> github.com/gin-gonic/gin.(*RouterGroup).createStaticHandler.func1 (3 handlers)
2017-06-08 07:23:05 - [GIN-debug] Listening and serving HTTP on :80
2017-06-08 07:25:09 - sql: no rows in result set
2017-06-08 07:28:29 - 
2017-06-08 07:28:29 - _______NEW_START_OF_SERVER_______
2017-06-08 07:28:29 - [GIN-debug] Loaded HTML Templates (4): 
	- sushimaker-list.html
	- index.html
	- operator.html
	- cassir.html

2017-06-08 07:28:29 - [GIN-debug] GET    /ws                       --> project/orders/webserver.RegisterRoutes.func1 (3 handlers)
2017-06-08 07:28:29 - [GIN-debug] GET    /                         --> project/orders/webserver.RegisterRoutes.func2 (3 handlers)
2017-06-08 07:28:29 - [GIN-debug] GET    /cook.sheldon/            --> project/orders/webserver.RegisterRoutes.func3 (3 handlers)
2017-06-08 07:28:29 - [GIN-debug] GET    /cassir/                  --> project/orders/webserver.RegisterRoutes.func4 (3 handlers)
2017-06-08 07:28:29 - [GIN-debug] GET    /operator/                --> project/orders/webserver.RegisterRoutes.func5 (3 handlers)
2017-06-08 07:28:29 - [GIN-debug] GET    /cook/                    --> project/orders/webserver.RegisterRoutes.func6 (3 handlers)
2017-06-08 07:28:29 - [GIN-debug] POST   /poststruct/              --> project/orders/webserver.RegisterRoutes.func7 (3 handlers)
2017-06-08 07:28:29 - [GIN-debug] POST   /                         --> project/orders/webserver.RegisterRoutes.func8 (3 handlers)
2017-06-08 07:28:29 - [GIN-debug] GET    /public/*filepath         --> github.com/gin-gonic/gin.(*RouterGroup).createStaticHandler.func1 (3 handlers)
2017-06-08 07:28:29 - [GIN-debug] HEAD   /public/*filepath         --> github.com/gin-gonic/gin.(*RouterGroup).createStaticHandler.func1 (3 handlers)
2017-06-08 07:28:29 - [GIN-debug] Listening and serving HTTP on :80
2017-06-08 07:28:38 - sql: no rows in result set
2017-06-08 07:29:37 - 
2017-06-08 07:29:37 - _______NEW_START_OF_SERVER_______
2017-06-08 07:29:37 - [GIN-debug] Loaded HTML Templates (4): 
	- index.html
	- operator.html
	- cassir.html
	- sushimaker-list.html

2017-06-08 07:29:37 - [GIN-debug] GET    /ws                       --> project/orders/webserver.RegisterRoutes.func1 (3 handlers)
2017-06-08 07:29:37 - [GIN-debug] GET    /                         --> project/orders/webserver.RegisterRoutes.func2 (3 handlers)
2017-06-08 07:29:37 - [GIN-debug] GET    /cook.sheldon/            --> project/orders/webserver.RegisterRoutes.func3 (3 handlers)
2017-06-08 07:29:37 - [GIN-debug] GET    /cassir/                  --> project/orders/webserver.RegisterRoutes.func4 (3 handlers)
2017-06-08 07:29:37 - [GIN-debug] GET    /operator/                --> project/orders/webserver.RegisterRoutes.func5 (3 handlers)
2017-06-08 07:29:37 - [GIN-debug] GET    /cook/                    --> project/orders/webserver.RegisterRoutes.func6 (3 handlers)
2017-06-08 07:29:37 - [GIN-debug] POST   /poststruct/              --> project/orders/webserver.RegisterRoutes.func7 (3 handlers)
2017-06-08 07:29:37 - [GIN-debug] POST   /                         --> project/orders/webserver.RegisterRoutes.func8 (3 handlers)
2017-06-08 07:29:37 - [GIN-debug] GET    /public/*filepath         --> github.com/gin-gonic/gin.(*RouterGroup).createStaticHandler.func1 (3 handlers)
2017-06-08 07:29:37 - [GIN-debug] HEAD   /public/*filepath         --> github.com/gin-gonic/gin.(*RouterGroup).createStaticHandler.func1 (3 handlers)
2017-06-08 07:29:37 - [GIN-debug] Listening and serving HTTP on :80
2017-06-08 07:30:44 - sql: no rows in result set
2017-06-08 07:30:46 - sql: no rows in result set
2017-06-08 07:31:12 - 
2017-06-08 07:31:12 - _______NEW_START_OF_SERVER_______
2017-06-08 07:31:12 - [GIN-debug] Loaded HTML Templates (4): 
	- cassir.html
	- sushimaker-list.html
	- index.html
	- operator.html

2017-06-08 07:31:12 - [GIN-debug] GET    /ws                       --> project/orders/webserver.RegisterRoutes.func1 (3 handlers)
2017-06-08 07:31:12 - [GIN-debug] GET    /                         --> project/orders/webserver.RegisterRoutes.func2 (3 handlers)
2017-06-08 07:31:12 - [GIN-debug] GET    /cook.sheldon/            --> project/orders/webserver.RegisterRoutes.func3 (3 handlers)
2017-06-08 07:31:12 - [GIN-debug] GET    /cassir/                  --> project/orders/webserver.RegisterRoutes.func4 (3 handlers)
2017-06-08 07:31:12 - [GIN-debug] GET    /operator/                --> project/orders/webserver.RegisterRoutes.func5 (3 handlers)
2017-06-08 07:31:12 - [GIN-debug] GET    /cook/                    --> project/orders/webserver.RegisterRoutes.func6 (3 handlers)
2017-06-08 07:31:12 - [GIN-debug] POST   /poststruct/              --> project/orders/webserver.RegisterRoutes.func7 (3 handlers)
2017-06-08 07:31:12 - [GIN-debug] POST   /                         --> project/orders/webserver.RegisterRoutes.func8 (3 handlers)
2017-06-08 07:31:12 - [GIN-debug] GET    /public/*filepath         --> github.com/gin-gonic/gin.(*RouterGroup).createStaticHandler.func1 (3 handlers)
2017-06-08 07:31:12 - [GIN-debug] HEAD   /public/*filepath         --> github.com/gin-gonic/gin.(*RouterGroup).createStaticHandler.func1 (3 handlers)
2017-06-08 07:31:12 - [GIN-debug] Listening and serving HTTP on :80
2017-06-08 07:31:32 - sql: no rows in result set
2017-06-08 07:33:36 - 
2017-06-08 07:33:36 - _______NEW_START_OF_SERVER_______
2017-06-08 07:33:36 - [GIN-debug] Loaded HTML Templates (4): 
	- operator.html
	- cassir.html
	- sushimaker-list.html
	- index.html

2017-06-08 07:33:36 - [GIN-debug] GET    /ws                       --> project/orders/webserver.RegisterRoutes.func1 (3 handlers)
2017-06-08 07:33:36 - [GIN-debug] GET    /                         --> project/orders/webserver.RegisterRoutes.func2 (3 handlers)
2017-06-08 07:33:36 - [GIN-debug] GET    /cook.sheldon/            --> project/orders/webserver.RegisterRoutes.func3 (3 handlers)
2017-06-08 07:33:36 - [GIN-debug] GET    /cassir/                  --> project/orders/webserver.RegisterRoutes.func4 (3 handlers)
2017-06-08 07:33:36 - [GIN-debug] GET    /operator/                --> project/orders/webserver.RegisterRoutes.func5 (3 handlers)
2017-06-08 07:33:36 - [GIN-debug] GET    /cook/                    --> project/orders/webserver.RegisterRoutes.func6 (3 handlers)
2017-06-08 07:33:36 - [GIN-debug] POST   /poststruct/              --> project/orders/webserver.RegisterRoutes.func7 (3 handlers)
2017-06-08 07:33:36 - [GIN-debug] POST   /                         --> project/orders/webserver.RegisterRoutes.func8 (3 handlers)
2017-06-08 07:33:36 - [GIN-debug] GET    /public/*filepath         --> github.com/gin-gonic/gin.(*RouterGroup).createStaticHandler.func1 (3 handlers)
2017-06-08 07:33:36 - [GIN-debug] HEAD   /public/*filepath         --> github.com/gin-gonic/gin.(*RouterGroup).createStaticHandler.func1 (3 handlers)
2017-06-08 07:33:36 - [GIN-debug] Listening and serving HTTP on :80
2017-06-08 07:33:45 - sql: no rows in result set
2017-06-08 07:34:37 - 
2017-06-08 07:34:37 - _______NEW_START_OF_SERVER_______
2017-06-08 07:34:37 - [GIN-debug] Loaded HTML Templates (4): 
	- cassir.html
	- sushimaker-list.html
	- index.html
	- operator.html

2017-06-08 07:34:37 - [GIN-debug] GET    /ws                       --> project/orders/webserver.RegisterRoutes.func1 (3 handlers)
2017-06-08 07:34:37 - [GIN-debug] GET    /                         --> project/orders/webserver.RegisterRoutes.func2 (3 handlers)
2017-06-08 07:34:37 - [GIN-debug] GET    /cook.sheldon/            --> project/orders/webserver.RegisterRoutes.func3 (3 handlers)
2017-06-08 07:34:37 - [GIN-debug] GET    /cassir/                  --> project/orders/webserver.RegisterRoutes.func4 (3 handlers)
2017-06-08 07:34:37 - [GIN-debug] GET    /operator/                --> project/orders/webserver.RegisterRoutes.func5 (3 handlers)
2017-06-08 07:34:37 - [GIN-debug] GET    /cook/                    --> project/orders/webserver.RegisterRoutes.func6 (3 handlers)
2017-06-08 07:34:37 - [GIN-debug] POST   /poststruct/              --> project/orders/webserver.RegisterRoutes.func7 (3 handlers)
2017-06-08 07:34:37 - [GIN-debug] POST   /                         --> project/orders/webserver.RegisterRoutes.func8 (3 handlers)
2017-06-08 07:34:37 - [GIN-debug] GET    /public/*filepath         --> github.com/gin-gonic/gin.(*RouterGroup).createStaticHandler.func1 (3 handlers)
2017-06-08 07:34:37 - [GIN-debug] HEAD   /public/*filepath         --> github.com/gin-gonic/gin.(*RouterGroup).createStaticHandler.func1 (3 handlers)
2017-06-08 07:34:37 - [GIN-debug] Listening and serving HTTP on :80
2017-06-08 07:35:10 - 
2017-06-08 07:35:10 - _______NEW_START_OF_SERVER_______
2017-06-08 07:35:10 - [GIN-debug] Loaded HTML Templates (4): 
	- cassir.html
	- sushimaker-list.html
	- index.html
	- operator.html

2017-06-08 07:35:10 - [GIN-debug] GET    /ws                       --> project/orders/webserver.RegisterRoutes.func1 (3 handlers)
2017-06-08 07:35:10 - [GIN-debug] GET    /                         --> project/orders/webserver.RegisterRoutes.func2 (3 handlers)
2017-06-08 07:35:10 - [GIN-debug] GET    /cook.sheldon/            --> project/orders/webserver.RegisterRoutes.func3 (3 handlers)
2017-06-08 07:35:10 - [GIN-debug] GET    /cassir/                  --> project/orders/webserver.RegisterRoutes.func4 (3 handlers)
2017-06-08 07:35:10 - [GIN-debug] GET    /operator/                --> project/orders/webserver.RegisterRoutes.func5 (3 handlers)
2017-06-08 07:35:10 - [GIN-debug] GET    /cook/                    --> project/orders/webserver.RegisterRoutes.func6 (3 handlers)
2017-06-08 07:35:10 - [GIN-debug] POST   /poststruct/              --> project/orders/webserver.RegisterRoutes.func7 (3 handlers)
2017-06-08 07:35:10 - [GIN-debug] POST   /                         --> project/orders/webserver.RegisterRoutes.func8 (3 handlers)
2017-06-08 07:35:10 - [GIN-debug] GET    /public/*filepath         --> github.com/gin-gonic/gin.(*RouterGroup).createStaticHandler.func1 (3 handlers)
2017-06-08 07:35:10 - [GIN-debug] HEAD   /public/*filepath         --> github.com/gin-gonic/gin.(*RouterGroup).createStaticHandler.func1 (3 handlers)
2017-06-08 07:35:10 - [GIN-debug] Listening and serving HTTP on :80
2017-06-08 07:35:27 - sql: no rows in result set
