2017-06-14 23:17:04 - 
2017-06-14 23:17:04 - _______NEW_START_OF_SERVER_______
2017-06-14 23:17:04 - [GIN-debug] Loaded HTML Templates (5): 
	- WebSoket.html
	- sushimaker-list.html
	- index.html
	- operator.html
	- cassir.html

2017-06-14 23:17:04 - [GIN-debug] GET    /ws                       --> project/order/webserver.RegisterRoutes.func1 (3 handlers)
2017-06-14 23:17:04 - [GIN-debug] GET    /                         --> project/order/webserver.RegisterRoutes.func2 (3 handlers)
2017-06-14 23:17:04 - [GIN-debug] GET    /cook.sheldon/            --> project/order/webserver.RegisterRoutes.func3 (3 handlers)
2017-06-14 23:17:04 - [GIN-debug] GET    /cassir/                  --> project/order/webserver.RegisterRoutes.func4 (3 handlers)
2017-06-14 23:17:04 - [GIN-debug] GET    /operator/                --> project/order/webserver.RegisterRoutes.func5 (3 handlers)
2017-06-14 23:17:04 - [GIN-debug] GET    /cook/                    --> project/order/webserver.RegisterRoutes.func6 (3 handlers)
2017-06-14 23:17:04 - [GIN-debug] GET    /client/                  --> project/order/webserver.RegisterRoutes.func7 (3 handlers)
2017-06-14 23:17:04 - [GIN-debug] POST   /poststruct/              --> project/order/webserver.RegisterRoutes.func8 (3 handlers)
2017-06-14 23:17:04 - [GIN-debug] GET    /public/*filepath         --> github.com/gin-gonic/gin.(*RouterGroup).createStaticHandler.func1 (3 handlers)
2017-06-14 23:17:04 - [GIN-debug] HEAD   /public/*filepath         --> github.com/gin-gonic/gin.(*RouterGroup).createStaticHandler.func1 (3 handlers)
2017-06-14 23:17:04 - [GIN-debug] Listening and serving HTTP on :80
2017-06-14 23:23:12 - [GIN-debug] redirecting request 301: /client --> /client/
2017-06-14 23:35:13 - 
2017-06-14 23:35:13 - _______NEW_START_OF_SERVER_______
2017-06-14 23:35:13 - [GIN-debug] Loaded HTML Templates (5): 
	- sushimaker-list.html
	- index.html
	- operator.html
	- cassir.html
	- WebSoket.html

2017-06-14 23:35:13 - [GIN-debug] GET    /ws                       --> project/order/webserver.RegisterRoutes.func1 (3 handlers)
2017-06-14 23:35:13 - [GIN-debug] GET    /                         --> project/order/webserver.RegisterRoutes.func2 (3 handlers)
2017-06-14 23:35:13 - [GIN-debug] GET    /cook.sheldon/            --> project/order/webserver.RegisterRoutes.func3 (3 handlers)
2017-06-14 23:35:13 - [GIN-debug] GET    /cassir/                  --> project/order/webserver.RegisterRoutes.func4 (3 handlers)
2017-06-14 23:35:13 - [GIN-debug] GET    /operator/                --> project/order/webserver.RegisterRoutes.func5 (3 handlers)
2017-06-14 23:35:13 - [GIN-debug] GET    /cook/                    --> project/order/webserver.RegisterRoutes.func6 (3 handlers)
2017-06-14 23:35:13 - [GIN-debug] GET    /client/                  --> project/order/webserver.RegisterRoutes.func7 (3 handlers)
2017-06-14 23:35:13 - [GIN-debug] POST   /poststruct/              --> project/order/webserver.RegisterRoutes.func8 (3 handlers)
2017-06-14 23:35:13 - [GIN-debug] GET    /public/*filepath         --> github.com/gin-gonic/gin.(*RouterGroup).createStaticHandler.func1 (3 handlers)
2017-06-14 23:35:13 - [GIN-debug] HEAD   /public/*filepath         --> github.com/gin-gonic/gin.(*RouterGroup).createStaticHandler.func1 (3 handlers)
2017-06-14 23:35:13 - [GIN-debug] Listening and serving HTTP on :80
2017-06-14 23:37:40 - 
2017-06-14 23:37:40 - _______NEW_START_OF_SERVER_______
2017-06-14 23:37:40 - [GIN-debug] Loaded HTML Templates (5): 
	- cassir.html
	- WebSoket.html
	- sushimaker-list.html
	- index.html
	- operator.html

2017-06-14 23:37:40 - [GIN-debug] GET    /ws                       --> project/order/webserver.RegisterRoutes.func1 (3 handlers)
2017-06-14 23:37:40 - [GIN-debug] GET    /                         --> project/order/webserver.RegisterRoutes.func2 (3 handlers)
2017-06-14 23:37:40 - [GIN-debug] GET    /cook.sheldon/            --> project/order/webserver.RegisterRoutes.func3 (3 handlers)
2017-06-14 23:37:40 - [GIN-debug] GET    /cassir/                  --> project/order/webserver.RegisterRoutes.func4 (3 handlers)
2017-06-14 23:37:40 - [GIN-debug] GET    /operator/                --> project/order/webserver.RegisterRoutes.func5 (3 handlers)
2017-06-14 23:37:40 - [GIN-debug] GET    /cook/                    --> project/order/webserver.RegisterRoutes.func6 (3 handlers)
2017-06-14 23:37:40 - [GIN-debug] GET    /client/                  --> project/order/webserver.RegisterRoutes.func7 (3 handlers)
2017-06-14 23:37:40 - [GIN-debug] POST   /poststruct/              --> project/order/webserver.RegisterRoutes.func8 (3 handlers)
2017-06-14 23:37:40 - [GIN-debug] GET    /public/*filepath         --> github.com/gin-gonic/gin.(*RouterGroup).createStaticHandler.func1 (3 handlers)
2017-06-14 23:37:40 - [GIN-debug] HEAD   /public/*filepath         --> github.com/gin-gonic/gin.(*RouterGroup).createStaticHandler.func1 (3 handlers)
2017-06-14 23:37:40 - [GIN-debug] Listening and serving HTTP on :80
2017-06-14 23:41:16 - 
2017-06-14 23:41:16 - _______NEW_START_OF_SERVER_______
2017-06-14 23:41:16 - [GIN-debug] Loaded HTML Templates (5): 
	- operator.html
	- cassir.html
	- WebSoket.html
	- sushimaker-list.html
	- index.html

2017-06-14 23:41:16 - [GIN-debug] GET    /ws                       --> project/order/webserver.RegisterRoutes.func1 (3 handlers)
2017-06-14 23:41:16 - [GIN-debug] GET    /                         --> project/order/webserver.RegisterRoutes.func2 (3 handlers)
2017-06-14 23:41:16 - [GIN-debug] GET    /cook.sheldon/            --> project/order/webserver.RegisterRoutes.func3 (3 handlers)
2017-06-14 23:41:16 - [GIN-debug] GET    /cassir/                  --> project/order/webserver.RegisterRoutes.func4 (3 handlers)
2017-06-14 23:41:16 - [GIN-debug] GET    /operator/                --> project/order/webserver.RegisterRoutes.func5 (3 handlers)
2017-06-14 23:41:16 - [GIN-debug] GET    /cook/                    --> project/order/webserver.RegisterRoutes.func6 (3 handlers)
2017-06-14 23:41:16 - [GIN-debug] GET    /client/                  --> project/order/webserver.RegisterRoutes.func7 (3 handlers)
2017-06-14 23:41:16 - [GIN-debug] POST   /poststruct/              --> project/order/webserver.RegisterRoutes.func8 (3 handlers)
2017-06-14 23:41:16 - [GIN-debug] GET    /public/*filepath         --> github.com/gin-gonic/gin.(*RouterGroup).createStaticHandler.func1 (3 handlers)
2017-06-14 23:41:16 - [GIN-debug] HEAD   /public/*filepath         --> github.com/gin-gonic/gin.(*RouterGroup).createStaticHandler.func1 (3 handlers)
2017-06-14 23:41:16 - [GIN-debug] Listening and serving HTTP on :80
2017-06-14 23:41:57 - websocket: close 1001 (going away)
2017-06-14 23:41:57 - websocket: close 1001 (going away)
2017-06-14 23:43:59 - 
2017-06-14 23:43:59 - _______NEW_START_OF_SERVER_______
2017-06-14 23:43:59 - [GIN-debug] Loaded HTML Templates (5): 
	- WebSoket.html
	- sushimaker-list.html
	- index.html
	- operator.html
	- cassir.html

2017-06-14 23:43:59 - [GIN-debug] GET    /ws                       --> project/order/webserver.RegisterRoutes.func1 (3 handlers)
2017-06-14 23:43:59 - [GIN-debug] GET    /                         --> project/order/webserver.RegisterRoutes.func2 (3 handlers)
2017-06-14 23:43:59 - [GIN-debug] GET    /cook.sheldon/            --> project/order/webserver.RegisterRoutes.func3 (3 handlers)
2017-06-14 23:43:59 - [GIN-debug] GET    /cassir/                  --> project/order/webserver.RegisterRoutes.func4 (3 handlers)
2017-06-14 23:43:59 - [GIN-debug] GET    /operator/                --> project/order/webserver.RegisterRoutes.func5 (3 handlers)
2017-06-14 23:43:59 - [GIN-debug] GET    /cook/                    --> project/order/webserver.RegisterRoutes.func6 (3 handlers)
2017-06-14 23:43:59 - [GIN-debug] GET    /client/                  --> project/order/webserver.RegisterRoutes.func7 (3 handlers)
2017-06-14 23:43:59 - [GIN-debug] POST   /poststruct/              --> project/order/webserver.RegisterRoutes.func8 (3 handlers)
2017-06-14 23:43:59 - [GIN-debug] GET    /public/*filepath         --> github.com/gin-gonic/gin.(*RouterGroup).createStaticHandler.func1 (3 handlers)
2017-06-14 23:43:59 - [GIN-debug] HEAD   /public/*filepath         --> github.com/gin-gonic/gin.(*RouterGroup).createStaticHandler.func1 (3 handlers)
2017-06-14 23:43:59 - [GIN-debug] Listening and serving HTTP on :80
2017-06-14 23:46:19 - 
2017-06-14 23:46:19 - _______NEW_START_OF_SERVER_______
2017-06-14 23:46:19 - [GIN-debug] Loaded HTML Templates (5): 
	- cassir.html
	- WebSoket.html
	- sushimaker-list.html
	- index.html
	- operator.html

2017-06-14 23:46:19 - [GIN-debug] GET    /ws                       --> project/order/webserver.RegisterRoutes.func1 (3 handlers)
2017-06-14 23:46:19 - [GIN-debug] GET    /                         --> project/order/webserver.RegisterRoutes.func2 (3 handlers)
2017-06-14 23:46:19 - [GIN-debug] GET    /cook.sheldon/            --> project/order/webserver.RegisterRoutes.func3 (3 handlers)
2017-06-14 23:46:19 - [GIN-debug] GET    /cassir/                  --> project/order/webserver.RegisterRoutes.func4 (3 handlers)
2017-06-14 23:46:19 - [GIN-debug] GET    /operator/                --> project/order/webserver.RegisterRoutes.func5 (3 handlers)
2017-06-14 23:46:19 - [GIN-debug] GET    /cook/                    --> project/order/webserver.RegisterRoutes.func6 (3 handlers)
2017-06-14 23:46:19 - [GIN-debug] GET    /client/                  --> project/order/webserver.RegisterRoutes.func7 (3 handlers)
2017-06-14 23:46:19 - [GIN-debug] POST   /poststruct/              --> project/order/webserver.RegisterRoutes.func8 (3 handlers)
2017-06-14 23:46:19 - [GIN-debug] GET    /public/*filepath         --> github.com/gin-gonic/gin.(*RouterGroup).createStaticHandler.func1 (3 handlers)
2017-06-14 23:46:19 - [GIN-debug] HEAD   /public/*filepath         --> github.com/gin-gonic/gin.(*RouterGroup).createStaticHandler.func1 (3 handlers)
2017-06-14 23:46:19 - [GIN-debug] Listening and serving HTTP on :80
2017-06-14 23:52:41 - [GIN-debug] [WARNING] Headers were already written. Wanted to override status code 200 with 500
2017-06-14 23:54:31 - [GIN-debug] [WARNING] Headers were already written. Wanted to override status code 200 with 500
2017-06-14 23:54:49 - 
2017-06-14 23:54:49 - _______NEW_START_OF_SERVER_______
2017-06-14 23:54:49 - [GIN-debug] GET    /ws                       --> project/order/webserver.RegisterRoutes.func1 (3 handlers)
2017-06-14 23:54:49 - [GIN-debug] GET    /                         --> project/order/webserver.RegisterRoutes.func2 (3 handlers)
2017-06-14 23:54:49 - [GIN-debug] GET    /cook.sheldon/            --> project/order/webserver.RegisterRoutes.func3 (3 handlers)
2017-06-14 23:54:49 - [GIN-debug] GET    /cassir/                  --> project/order/webserver.RegisterRoutes.func4 (3 handlers)
2017-06-14 23:54:49 - [GIN-debug] GET    /operator/                --> project/order/webserver.RegisterRoutes.func5 (3 handlers)
2017-06-14 23:54:49 - [GIN-debug] GET    /cook/                    --> project/order/webserver.RegisterRoutes.func6 (3 handlers)
2017-06-14 23:54:49 - [GIN-debug] GET    /client/                  --> project/order/webserver.RegisterRoutes.func7 (3 handlers)
2017-06-14 23:54:49 - [GIN-debug] POST   /poststruct/              --> project/order/webserver.RegisterRoutes.func8 (3 handlers)
2017-06-14 23:54:49 - [GIN-debug] GET    /public/*filepath         --> github.com/gin-gonic/gin.(*RouterGroup).createStaticHandler.func1 (3 handlers)
2017-06-14 23:54:49 - [GIN-debug] HEAD   /public/*filepath         --> github.com/gin-gonic/gin.(*RouterGroup).createStaticHandler.func1 (3 handlers)
2017-06-14 23:54:49 - [GIN-debug] Listening and serving HTTP on :80
2017-06-14 23:55:59 - 
2017-06-14 23:55:59 - _______NEW_START_OF_SERVER_______
2017-06-14 23:55:59 - [GIN-debug] Loaded HTML Templates (5): 
	- WebSoket.html
	- sushimaker-list.html
	- index.html
	- operator.html
	- cassir.html

2017-06-14 23:55:59 - [GIN-debug] GET    /ws                       --> project/order/webserver.RegisterRoutes.func1 (3 handlers)
2017-06-14 23:55:59 - [GIN-debug] GET    /                         --> project/order/webserver.RegisterRoutes.func2 (3 handlers)
2017-06-14 23:55:59 - [GIN-debug] GET    /cook.sheldon/            --> project/order/webserver.RegisterRoutes.func3 (3 handlers)
2017-06-14 23:55:59 - [GIN-debug] GET    /cassir/                  --> project/order/webserver.RegisterRoutes.func4 (3 handlers)
2017-06-14 23:55:59 - [GIN-debug] GET    /operator/                --> project/order/webserver.RegisterRoutes.func5 (3 handlers)
2017-06-14 23:55:59 - [GIN-debug] GET    /cook/                    --> project/order/webserver.RegisterRoutes.func6 (3 handlers)
2017-06-14 23:55:59 - [GIN-debug] GET    /client/                  --> project/order/webserver.RegisterRoutes.func7 (3 handlers)
2017-06-14 23:55:59 - [GIN-debug] POST   /poststruct/              --> project/order/webserver.RegisterRoutes.func8 (3 handlers)
2017-06-14 23:55:59 - [GIN-debug] GET    /public/*filepath         --> github.com/gin-gonic/gin.(*RouterGroup).createStaticHandler.func1 (3 handlers)
2017-06-14 23:55:59 - [GIN-debug] HEAD   /public/*filepath         --> github.com/gin-gonic/gin.(*RouterGroup).createStaticHandler.func1 (3 handlers)
2017-06-14 23:55:59 - [GIN-debug] Listening and serving HTTP on :80
2017-06-14 23:58:05 - 
2017-06-14 23:58:05 - _______NEW_START_OF_SERVER_______
2017-06-14 23:58:05 - [GIN-debug] Loaded HTML Templates (5): 
	- WebSoket.html
	- sushimaker-list.html
	- index.html
	- operator.html
	- cassir.html

2017-06-14 23:58:05 - [GIN-debug] GET    /ws                       --> project/order/webserver.RegisterRoutes.func1 (3 handlers)
2017-06-14 23:58:05 - [GIN-debug] GET    /                         --> project/order/webserver.RegisterRoutes.func2 (3 handlers)
2017-06-14 23:58:05 - [GIN-debug] GET    /cook.sheldon/            --> project/order/webserver.RegisterRoutes.func3 (3 handlers)
2017-06-14 23:58:05 - [GIN-debug] GET    /cassir/                  --> project/order/webserver.RegisterRoutes.func4 (3 handlers)
2017-06-14 23:58:05 - [GIN-debug] GET    /operator/                --> project/order/webserver.RegisterRoutes.func5 (3 handlers)
2017-06-14 23:58:05 - [GIN-debug] GET    /cook/                    --> project/order/webserver.RegisterRoutes.func6 (3 handlers)
2017-06-14 23:58:05 - [GIN-debug] GET    /client/                  --> project/order/webserver.RegisterRoutes.func7 (3 handlers)
2017-06-14 23:58:05 - [GIN-debug] POST   /poststruct/              --> project/order/webserver.RegisterRoutes.func8 (3 handlers)
2017-06-14 23:58:05 - [GIN-debug] GET    /public/*filepath         --> github.com/gin-gonic/gin.(*RouterGroup).createStaticHandler.func1 (3 handlers)
2017-06-14 23:58:05 - [GIN-debug] HEAD   /public/*filepath         --> github.com/gin-gonic/gin.(*RouterGroup).createStaticHandler.func1 (3 handlers)
2017-06-14 23:58:05 - [GIN-debug] Listening and serving HTTP on :80
2017-06-14 23:58:51 - [GIN-debug] [WARNING] Headers were already written. Wanted to override status code 200 with 500
2017-06-14 23:59:49 - 
2017-06-14 23:59:49 - _______NEW_START_OF_SERVER_______
2017-06-14 23:59:49 - [GIN-debug] Loaded HTML Templates (5): 
	- cassir.html
	- WebSoket.html
	- sushimaker-list.html
	- index.html
	- operator.html

2017-06-14 23:59:49 - [GIN-debug] GET    /ws                       --> project/order/webserver.RegisterRoutes.func1 (3 handlers)
2017-06-14 23:59:49 - [GIN-debug] GET    /                         --> project/order/webserver.RegisterRoutes.func2 (3 handlers)
2017-06-14 23:59:49 - [GIN-debug] GET    /cook.sheldon/            --> project/order/webserver.RegisterRoutes.func3 (3 handlers)
2017-06-14 23:59:49 - [GIN-debug] GET    /cassir/                  --> project/order/webserver.RegisterRoutes.func4 (3 handlers)
2017-06-14 23:59:49 - [GIN-debug] GET    /operator/                --> project/order/webserver.RegisterRoutes.func5 (3 handlers)
2017-06-14 23:59:49 - [GIN-debug] GET    /cook/                    --> project/order/webserver.RegisterRoutes.func6 (3 handlers)
2017-06-14 23:59:49 - [GIN-debug] GET    /client/                  --> project/order/webserver.RegisterRoutes.func7 (3 handlers)
2017-06-14 23:59:49 - [GIN-debug] POST   /poststruct/              --> project/order/webserver.RegisterRoutes.func8 (3 handlers)
2017-06-14 23:59:49 - [GIN-debug] GET    /public/*filepath         --> github.com/gin-gonic/gin.(*RouterGroup).createStaticHandler.func1 (3 handlers)
2017-06-14 23:59:49 - [GIN-debug] HEAD   /public/*filepath         --> github.com/gin-gonic/gin.(*RouterGroup).createStaticHandler.func1 (3 handlers)
2017-06-14 23:59:49 - [GIN-debug] Listening and serving HTTP on :80
2017-06-15 00:00:28 - [GIN-debug] [WARNING] Headers were already written. Wanted to override status code 200 with 500
