2017-06-02 11:51:22 - 
2017-06-02 11:51:22 - _______NEW_START_OF_SERVER_______
2017-06-02 12:24:19 - 
2017-06-02 12:24:19 - _______NEW_START_OF_SERVER_______
2017-06-02 12:24:19 - [GIN-debug] Loaded HTML Templates (4): 
	- sushimaker-list.html
	- index.html
	- operator.html
	- cassir.html

2017-06-02 12:24:19 - [GIN-debug] GET    /ws                       --> project/orders/webserver.RegisterRoutes.func1 (3 handlers)
2017-06-02 12:24:19 - [GIN-debug] GET    /                         --> project/orders/webserver.RegisterRoutes.func2 (3 handlers)
2017-06-02 12:24:19 - [GIN-debug] GET    /cook.sheldon/            --> project/orders/webserver.RegisterRoutes.func3 (3 handlers)
2017-06-02 12:24:19 - [GIN-debug] GET    /cassir/                  --> project/orders/webserver.RegisterRoutes.func4 (3 handlers)
2017-06-02 12:24:19 - [GIN-debug] GET    /operator/                --> project/orders/webserver.RegisterRoutes.func5 (3 handlers)
2017-06-02 12:24:19 - [GIN-debug] GET    /cook/                    --> project/orders/webserver.RegisterRoutes.func6 (3 handlers)
2017-06-02 12:24:19 - [GIN-debug] POST   /poststruct/              --> project/orders/webserver.RegisterRoutes.func7 (3 handlers)
2017-06-02 12:24:19 - [GIN-debug] POST   /                         --> project/orders/webserver.RegisterRoutes.func8 (3 handlers)
2017-06-02 12:24:19 - [GIN-debug] GET    /public/*filepath         --> github.com/gin-gonic/gin.(*RouterGroup).createStaticHandler.func1 (3 handlers)
2017-06-02 12:24:19 - [GIN-debug] HEAD   /public/*filepath         --> github.com/gin-gonic/gin.(*RouterGroup).createStaticHandler.func1 (3 handlers)
2017-06-02 12:24:19 - [GIN-debug] Listening and serving HTTP on :80
2017-06-02 12:29:37 - 00:x10008{OrderPersonal ERROR Create, TYPE PARAMETERS "" VALUES: []: pq: duplicate key value violates unique constraint "order_personal_order_id_order_id_item_user_hash_key"
2017-06-02 12:29:40 - 00:x10017{OrderPersonal ERROR Create, TYPE PARAMETERS "" VALUES: []: pq: duplicate key value violates unique constraint "order_personal_order_id_order_id_item_user_hash_key"
2017-06-02 12:34:51 - 00:x10007{OnGroupUser ERROR Read, TYPE PARAMETERS "Group_idDate" VALUES: [1 2017-06-02]: ERROR NOT IDENTIFICATION TYPE TABLE
2017-06-02 12:36:12 - client:  dial tcp 192.168.0.132:441: getsockopt: connection refused
2017-06-02 12:36:12 - client:  dial tcp 192.168.0.132:441: getsockopt: connection refused
2017-06-02 12:36:19 - client:  dial tcp 192.168.0.132:441: getsockopt: connection refused
2017-06-02 12:36:19 - client:  dial tcp 192.168.0.132:441: getsockopt: connection refused
2017-06-02 12:36:21 - client:  dial tcp 192.168.0.132:441: getsockopt: connection refused
2017-06-02 12:36:21 - client:  dial tcp 192.168.0.132:441: getsockopt: connection refused
2017-06-02 12:36:26 - client:  dial tcp 192.168.0.132:441: getsockopt: connection refused
2017-06-02 12:36:27 - client:  dial tcp 192.168.0.132:441: getsockopt: connection refused
2017-06-02 12:36:27 - client:  dial tcp 192.168.0.132:441: getsockopt: connection refused
2017-06-02 12:36:27 - client:  dial tcp 192.168.0.132:441: getsockopt: connection refused
2017-06-02 12:36:27 - client:  dial tcp 192.168.0.132:441: getsockopt: connection refused
2017-06-02 13:17:40 - 
2017-06-02 13:17:40 - _______NEW_START_OF_SERVER_______
2017-06-02 13:17:40 - [GIN-debug] Loaded HTML Templates (4): 
	- index.html
	- operator.html
	- cassir.html
	- sushimaker-list.html

2017-06-02 13:17:40 - [GIN-debug] GET    /ws                       --> project/orders/webserver.RegisterRoutes.func1 (3 handlers)
2017-06-02 13:17:40 - [GIN-debug] GET    /                         --> project/orders/webserver.RegisterRoutes.func2 (3 handlers)
2017-06-02 13:17:40 - [GIN-debug] GET    /cook.sheldon/            --> project/orders/webserver.RegisterRoutes.func3 (3 handlers)
2017-06-02 13:17:40 - [GIN-debug] GET    /cassir/                  --> project/orders/webserver.RegisterRoutes.func4 (3 handlers)
2017-06-02 13:17:40 - [GIN-debug] GET    /operator/                --> project/orders/webserver.RegisterRoutes.func5 (3 handlers)
2017-06-02 13:17:40 - [GIN-debug] GET    /cook/                    --> project/orders/webserver.RegisterRoutes.func6 (3 handlers)
2017-06-02 13:17:40 - [GIN-debug] POST   /poststruct/              --> project/orders/webserver.RegisterRoutes.func7 (3 handlers)
2017-06-02 13:17:40 - [GIN-debug] POST   /                         --> project/orders/webserver.RegisterRoutes.func8 (3 handlers)
2017-06-02 13:17:40 - [GIN-debug] GET    /public/*filepath         --> github.com/gin-gonic/gin.(*RouterGroup).createStaticHandler.func1 (3 handlers)
2017-06-02 13:17:40 - [GIN-debug] HEAD   /public/*filepath         --> github.com/gin-gonic/gin.(*RouterGroup).createStaticHandler.func1 (3 handlers)
2017-06-02 13:17:40 - [GIN-debug] Listening and serving HTTP on :80
2017-06-02 13:17:40 - ERROR get message 192.168.0.132:441 : [48 48 58 32 83 101 115 115 105 111 110 58 70 85 78 67 84 73 79 78 95 73 83 95 78 79 84 95 73 68 69 78 84 73 70 73 69 68]
2017-06-02 13:17:41 - ERROR get message 192.168.0.132:441 : [48 48 58 32 83 101 115 115 105 111 110 58 70 85 78 67 84 73 79 78 95 73 83 95 78 79 84 95 73 68 69 78 84 73 70 73 69 68]
2017-06-02 13:17:41 - ERROR get message 192.168.0.132:441 : [48 48 58 32 83 101 115 115 105 111 110 58 70 85 78 67 84 73 79 78 95 73 83 95 78 79 84 95 73 68 69 78 84 73 70 73 69 68]
2017-06-02 13:20:39 - ERROR get message 192.168.0.132:441 : [48 48 58 32 83 101 115 115 105 111 110 58 70 85 78 67 84 73 79 78 95 73 83 95 78 79 84 95 73 68 69 78 84 73 70 73 69 68]
2017-06-02 13:20:44 - 00:x10002{Session ERROR Read, TYPE PARAMETERS "Hash" VALUES: [31d8401fb8b6eb8a6d6fe873b742e62b461d4da72f14e764479a24f5d94e32c2]: Length type parameter does not satisfy the requirement
2017-06-02 13:20:46 - 00:x10002{Session ERROR Read, TYPE PARAMETERS "Hash" VALUES: [31d8401fb8b6eb8a6d6fe873b742e62b461d4da72f14e764479a24f5d94e32c2]: Length type parameter does not satisfy the requirement
2017-06-02 13:22:10 - 00:x10002{Session ERROR Read, TYPE PARAMETERS "Hash" VALUES: [31d8401fb8b6eb8a6d6fe873b742e62b461d4da72f14e764479a24f5d94e32c2]: Length type parameter does not satisfy the requirement
2017-06-02 13:22:13 - 00:x10002{Session ERROR Read, TYPE PARAMETERS "Hash" VALUES: [31d8401fb8b6eb8a6d6fe873b742e62b461d4da72f14e764479a24f5d94e32c2]: Length type parameter does not satisfy the requirement
2017-06-02 13:25:04 - 00:x10002{Session ERROR Read, TYPE PARAMETERS "Hash" VALUES: [31d8401fb8b6eb8a6d6fe873b742e62b461d4da72f14e764479a24f5d94e32c2]: Length type parameter does not satisfy the requirement
2017-06-02 13:25:34 - 00:x10002{Session ERROR Read, TYPE PARAMETERS "Hash" VALUES: [31d8401fb8b6eb8a6d6fe873b742e62b461d4da72f14e764479a24f5d94e32c2]: Length type parameter does not satisfy the requirement
2017-06-02 13:25:39 - 00:x10002{Session ERROR Read, TYPE PARAMETERS "Hash" VALUES: [31d8401fb8b6eb8a6d6fe873b742e62b461d4da72f14e764479a24f5d94e32c2]: Length type parameter does not satisfy the requirement
2017-06-02 13:27:26 - 00:x10002{Session ERROR Read, TYPE PARAMETERS "Hash" VALUES: [03d40c49b4c045627e2ffc00eaeb8791a2fc809d213ee2d4c57ee8fca06bb217]: Length type parameter does not satisfy the requirement
2017-06-02 13:53:14 - 00:x10002{Session ERROR Read, TYPE PARAMETERS "Hash" VALUES: [03d40c49b4c045627e2ffc00eaeb8791a2fc809d213ee2d4c57ee8fca06bb217]: Length type parameter does not satisfy the requirement
2017-06-02 13:54:46 - 
2017-06-02 13:54:46 - _______NEW_START_OF_SERVER_______
2017-06-02 13:54:46 - [GIN-debug] Loaded HTML Templates (4): 
	- cassir.html
	- sushimaker-list.html
	- index.html
	- operator.html

2017-06-02 13:54:46 - [GIN-debug] GET    /ws                       --> project/orders/webserver.RegisterRoutes.func1 (3 handlers)
2017-06-02 13:54:46 - [GIN-debug] GET    /                         --> project/orders/webserver.RegisterRoutes.func2 (3 handlers)
2017-06-02 13:54:46 - [GIN-debug] GET    /cook.sheldon/            --> project/orders/webserver.RegisterRoutes.func3 (3 handlers)
2017-06-02 13:54:46 - [GIN-debug] GET    /cassir/                  --> project/orders/webserver.RegisterRoutes.func4 (3 handlers)
2017-06-02 13:54:46 - [GIN-debug] GET    /operator/                --> project/orders/webserver.RegisterRoutes.func5 (3 handlers)
2017-06-02 13:54:46 - [GIN-debug] GET    /cook/                    --> project/orders/webserver.RegisterRoutes.func6 (3 handlers)
2017-06-02 13:54:46 - [GIN-debug] POST   /poststruct/              --> project/orders/webserver.RegisterRoutes.func7 (3 handlers)
2017-06-02 13:54:46 - [GIN-debug] POST   /                         --> project/orders/webserver.RegisterRoutes.func8 (3 handlers)
2017-06-02 13:54:46 - [GIN-debug] GET    /public/*filepath         --> github.com/gin-gonic/gin.(*RouterGroup).createStaticHandler.func1 (3 handlers)
2017-06-02 13:54:46 - [GIN-debug] HEAD   /public/*filepath         --> github.com/gin-gonic/gin.(*RouterGroup).createStaticHandler.func1 (3 handlers)
2017-06-02 13:54:46 - [GIN-debug] Listening and serving HTTP on :80
2017-06-02 13:54:46 - 00:x10005{Session ERROR Read, TYPE PARAMETERS "Hash" VALUES: [31d8401fb8b6eb8a6d6fe873b742e62b461d4da72f14e764479a24f5d94e32c2]: Length type parameter does not satisfy the requirement
2017-06-02 13:54:46 - ERROR get message 192.168.0.132:441 : [48 48 58 32 83 101 115 115 105 111 110 58 70 85 78 67 84 73 79 78 95 73 83 95 78 79 84 95 73 68 69 78 84 73 70 73 69 68]
2017-06-02 13:54:46 - 00:x10005{Session ERROR Read, TYPE PARAMETERS "Hash" VALUES: [03d40c49b4c045627e2ffc00eaeb8791a2fc809d213ee2d4c57ee8fca06bb217]: Length type parameter does not satisfy the requirement
2017-06-02 13:54:49 - 00:x10002{Session ERROR Read, TYPE PARAMETERS "Hash" VALUES: [03d40c49b4c045627e2ffc00eaeb8791a2fc809d213ee2d4c57ee8fca06bb217]: Length type parameter does not satisfy the requirement
2017-06-02 13:56:36 - 00:x10002{Session ERROR Read, TYPE PARAMETERS "Hash" VALUES: [03d40c49b4c045627e2ffc00eaeb8791a2fc809d213ee2d4c57ee8fca06bb217]: Length type parameter does not satisfy the requirement
2017-06-02 13:57:19 - 00:x10002{Session ERROR Read, TYPE PARAMETERS "Hash" VALUES: [03d40c49b4c045627e2ffc00eaeb8791a2fc809d213ee2d4c57ee8fca06bb217]: Length type parameter does not satisfy the requirement
2017-06-02 13:57:27 - 00:x10002{Session ERROR Read, TYPE PARAMETERS "Hash" VALUES: [31d8401fb8b6eb8a6d6fe873b742e62b461d4da72f14e764479a24f5d94e32c2]: Length type parameter does not satisfy the requirement
2017-06-02 13:57:34 - 00:x10002{Session ERROR Read, TYPE PARAMETERS "Hash" VALUES: [31d8401fb8b6eb8a6d6fe873b742e62b461d4da72f14e764479a24f5d94e32c2]: Length type parameter does not satisfy the requirement
2017-06-02 13:57:37 - 00:x10002{Session ERROR Read, TYPE PARAMETERS "Hash" VALUES: [31d8401fb8b6eb8a6d6fe873b742e62b461d4da72f14e764479a24f5d94e32c2]: Length type parameter does not satisfy the requirement
2017-06-02 13:59:25 - 
2017-06-02 13:59:25 - [GIN-debug] Loaded HTML Templates (4): 
	- sushimaker-list.html
	- index.html
	- operator.html
	- cassir.html

2017-06-02 13:59:25 - [GIN-debug] GET    /ws                       --> project/orders/webserver.RegisterRoutes.func1 (3 handlers)
2017-06-02 13:59:25 - [GIN-debug] GET    /                         --> project/orders/webserver.RegisterRoutes.func2 (3 handlers)
2017-06-02 13:59:25 - _______NEW_START_OF_SERVER_______
2017-06-02 13:59:25 - [GIN-debug] GET    /cook.sheldon/            --> project/orders/webserver.RegisterRoutes.func3 (3 handlers)
2017-06-02 13:59:25 - [GIN-debug] GET    /cassir/                  --> project/orders/webserver.RegisterRoutes.func4 (3 handlers)
2017-06-02 13:59:25 - [GIN-debug] GET    /operator/                --> project/orders/webserver.RegisterRoutes.func5 (3 handlers)
2017-06-02 13:59:25 - [GIN-debug] GET    /cook/                    --> project/orders/webserver.RegisterRoutes.func6 (3 handlers)
2017-06-02 13:59:25 - [GIN-debug] POST   /poststruct/              --> project/orders/webserver.RegisterRoutes.func7 (3 handlers)
2017-06-02 13:59:25 - [GIN-debug] POST   /                         --> project/orders/webserver.RegisterRoutes.func8 (3 handlers)
2017-06-02 13:59:25 - [GIN-debug] GET    /public/*filepath         --> github.com/gin-gonic/gin.(*RouterGroup).createStaticHandler.func1 (3 handlers)
2017-06-02 13:59:25 - [GIN-debug] HEAD   /public/*filepath         --> github.com/gin-gonic/gin.(*RouterGroup).createStaticHandler.func1 (3 handlers)
2017-06-02 13:59:25 - [GIN-debug] Listening and serving HTTP on :80
2017-06-02 13:59:26 - ERROR get message 192.168.0.132:441 : [48 48 58 32 83 101 115 115 105 111 110 58 70 85 78 67 84 73 79 78 95 73 83 95 78 79 84 95 73 68 69 78 84 73 70 73 69 68]
2017-06-02 13:59:30 - ERROR get message 192.168.0.132:441 : [48 48 58 82 101 97 100 32 83 101 115 115 105 111 110 58 115 113 108 58 32 110 111 32 114 111 119 115 32 105 110 32 114 101 115 117 108 116 32 115 101 116]
2017-06-02 14:00:04 - ERROR get message 192.168.0.132:441 : [48 48 58 82 101 97 100 32 83 101 115 115 105 111 110 58 115 113 108 58 32 110 111 32 114 111 119 115 32 105 110 32 114 101 115 117 108 116 32 115 101 116]
2017-06-02 14:01:37 - ERROR get message 192.168.0.132:441 : [48 48 58 82 101 97 100 32 83 101 115 115 105 111 110 58 115 113 108 58 32 110 111 32 114 111 119 115 32 105 110 32 114 101 115 117 108 116 32 115 101 116]
2017-06-02 14:01:53 - ERROR get message 192.168.0.132:441 : [48 48 58 82 101 97 100 32 83 101 115 115 105 111 110 58 115 113 108 58 32 110 111 32 114 111 119 115 32 105 110 32 114 101 115 117 108 116 32 115 101 116]
2017-06-02 14:02:16 - ERROR get message 192.168.0.132:441 : [48 48 58 82 101 97 100 32 83 101 115 115 105 111 110 58 115 113 108 58 32 110 111 32 114 111 119 115 32 105 110 32 114 101 115 117 108 116 32 115 101 116]
2017-06-02 14:04:12 - ERROR get message 192.168.0.132:441 : [48 48 58 82 101 97 100 32 83 101 115 115 105 111 110 58 115 113 108 58 32 110 111 32 114 111 119 115 32 105 110 32 114 101 115 117 108 116 32 115 101 116]
2017-06-02 14:04:15 - ERROR get message 192.168.0.132:441 : [48 48 58 82 101 97 100 32 83 101 115 115 105 111 110 58 115 113 108 58 32 110 111 32 114 111 119 115 32 105 110 32 114 101 115 117 108 116 32 115 101 116]
2017-06-02 14:04:39 - ERROR get message 192.168.0.132:441 : [48 48 58 82 101 97 100 32 83 101 115 115 105 111 110 58 115 113 108 58 32 110 111 32 114 111 119 115 32 105 110 32 114 101 115 117 108 116 32 115 101 116]
2017-06-02 14:06:15 - ERROR get message 192.168.0.132:441 : [48 48 58 83 101 115 115 105 111 110 73 110 102 111 58 77 105 115 115 109 97 116 99 104 32 114 101 113 117 101 115 116 33]
2017-06-02 14:06:24 - client:  dial tcp 192.168.0.132:441: getsockopt: connection refused
2017-06-02 14:12:17 - ERROR get message 192.168.0.132:441 : [48 48 58 32 83 101 115 115 105 111 110 58 70 85 78 67 84 73 79 78 95 73 83 95 78 79 84 95 73 68 69 78 84 73 70 73 69 68]
2017-06-02 14:12:22 - ERROR get message 192.168.0.132:441 : [48 48 58 32 83 101 115 115 105 111 110 58 70 85 78 67 84 73 79 78 95 73 83 95 78 79 84 95 73 68 69 78 84 73 70 73 69 68]
2017-06-02 14:21:05 - 
2017-06-02 14:21:05 - _______NEW_START_OF_SERVER_______
2017-06-02 14:21:05 - [GIN-debug] Loaded HTML Templates (4): 
	- cassir.html
	- sushimaker-list.html
	- index.html
	- operator.html

2017-06-02 14:21:05 - [GIN-debug] GET    /ws                       --> project/orders/webserver.RegisterRoutes.func1 (3 handlers)
2017-06-02 14:21:05 - [GIN-debug] GET    /                         --> project/orders/webserver.RegisterRoutes.func2 (3 handlers)
2017-06-02 14:21:05 - [GIN-debug] GET    /cook.sheldon/            --> project/orders/webserver.RegisterRoutes.func3 (3 handlers)
2017-06-02 14:21:05 - [GIN-debug] GET    /cassir/                  --> project/orders/webserver.RegisterRoutes.func4 (3 handlers)
2017-06-02 14:21:05 - [GIN-debug] GET    /operator/                --> project/orders/webserver.RegisterRoutes.func5 (3 handlers)
2017-06-02 14:21:05 - [GIN-debug] GET    /cook/                    --> project/orders/webserver.RegisterRoutes.func6 (3 handlers)
2017-06-02 14:21:05 - [GIN-debug] POST   /poststruct/              --> project/orders/webserver.RegisterRoutes.func7 (3 handlers)
2017-06-02 14:21:05 - [GIN-debug] POST   /                         --> project/orders/webserver.RegisterRoutes.func8 (3 handlers)
2017-06-02 14:21:05 - [GIN-debug] GET    /public/*filepath         --> github.com/gin-gonic/gin.(*RouterGroup).createStaticHandler.func1 (3 handlers)
2017-06-02 14:21:05 - [GIN-debug] HEAD   /public/*filepath         --> github.com/gin-gonic/gin.(*RouterGroup).createStaticHandler.func1 (3 handlers)
2017-06-02 14:21:05 - [GIN-debug] Listening and serving HTTP on :80
2017-06-02 14:21:32 - 
2017-06-02 14:21:32 - _______NEW_START_OF_SERVER_______
2017-06-02 14:21:32 - [GIN-debug] Loaded HTML Templates (4): 
	- cassir.html
	- sushimaker-list.html
	- index.html
	- operator.html

2017-06-02 14:21:32 - [GIN-debug] GET    /ws                       --> project/orders/webserver.RegisterRoutes.func1 (3 handlers)
2017-06-02 14:21:32 - [GIN-debug] GET    /                         --> project/orders/webserver.RegisterRoutes.func2 (3 handlers)
2017-06-02 14:21:32 - [GIN-debug] GET    /cook.sheldon/            --> project/orders/webserver.RegisterRoutes.func3 (3 handlers)
2017-06-02 14:21:32 - [GIN-debug] GET    /cassir/                  --> project/orders/webserver.RegisterRoutes.func4 (3 handlers)
2017-06-02 14:21:32 - [GIN-debug] GET    /operator/                --> project/orders/webserver.RegisterRoutes.func5 (3 handlers)
2017-06-02 14:21:32 - [GIN-debug] GET    /cook/                    --> project/orders/webserver.RegisterRoutes.func6 (3 handlers)
2017-06-02 14:21:32 - [GIN-debug] POST   /poststruct/              --> project/orders/webserver.RegisterRoutes.func7 (3 handlers)
2017-06-02 14:21:32 - [GIN-debug] POST   /                         --> project/orders/webserver.RegisterRoutes.func8 (3 handlers)
2017-06-02 14:21:32 - [GIN-debug] GET    /public/*filepath         --> github.com/gin-gonic/gin.(*RouterGroup).createStaticHandler.func1 (3 handlers)
2017-06-02 14:21:32 - [GIN-debug] HEAD   /public/*filepath         --> github.com/gin-gonic/gin.(*RouterGroup).createStaticHandler.func1 (3 handlers)
2017-06-02 14:21:32 - [GIN-debug] Listening and serving HTTP on :806
2017-06-02 14:22:00 - ERROR Insert:  ERROR NOT IDENTIFICATION TABLE: Orders
2017-06-02 14:23:32 - 
2017-06-02 14:23:32 - _______NEW_START_OF_SERVER_______
2017-06-02 14:23:32 - [GIN-debug] Loaded HTML Templates (4): 
	- index.html
	- operator.html
	- cassir.html
	- sushimaker-list.html

2017-06-02 14:23:32 - [GIN-debug] GET    /ws                       --> project/orders/webserver.RegisterRoutes.func1 (3 handlers)
2017-06-02 14:23:32 - [GIN-debug] GET    /                         --> project/orders/webserver.RegisterRoutes.func2 (3 handlers)
2017-06-02 14:23:32 - [GIN-debug] GET    /cook.sheldon/            --> project/orders/webserver.RegisterRoutes.func3 (3 handlers)
2017-06-02 14:23:32 - [GIN-debug] GET    /cassir/                  --> project/orders/webserver.RegisterRoutes.func4 (3 handlers)
2017-06-02 14:23:32 - [GIN-debug] GET    /operator/                --> project/orders/webserver.RegisterRoutes.func5 (3 handlers)
2017-06-02 14:23:32 - [GIN-debug] GET    /cook/                    --> project/orders/webserver.RegisterRoutes.func6 (3 handlers)
2017-06-02 14:23:32 - [GIN-debug] POST   /poststruct/              --> project/orders/webserver.RegisterRoutes.func7 (3 handlers)
2017-06-02 14:23:32 - [GIN-debug] POST   /                         --> project/orders/webserver.RegisterRoutes.func8 (3 handlers)
2017-06-02 14:23:32 - [GIN-debug] GET    /public/*filepath         --> github.com/gin-gonic/gin.(*RouterGroup).createStaticHandler.func1 (3 handlers)
2017-06-02 14:23:32 - [GIN-debug] HEAD   /public/*filepath         --> github.com/gin-gonic/gin.(*RouterGroup).createStaticHandler.func1 (3 handlers)
2017-06-02 14:23:32 - [GIN-debug] Listening and serving HTTP on :806
2017-06-02 14:24:45 - 
2017-06-02 14:24:45 - _______NEW_START_OF_SERVER_______
2017-06-02 14:24:45 - [GIN-debug] Loaded HTML Templates (4): 
	- index.html
	- operator.html
	- cassir.html
	- sushimaker-list.html

2017-06-02 14:24:45 - [GIN-debug] GET    /ws                       --> project/orders/webserver.RegisterRoutes.func1 (3 handlers)
2017-06-02 14:24:45 - [GIN-debug] GET    /                         --> project/orders/webserver.RegisterRoutes.func2 (3 handlers)
2017-06-02 14:24:45 - [GIN-debug] GET    /cook.sheldon/            --> project/orders/webserver.RegisterRoutes.func3 (3 handlers)
2017-06-02 14:24:45 - [GIN-debug] GET    /cassir/                  --> project/orders/webserver.RegisterRoutes.func4 (3 handlers)
2017-06-02 14:24:45 - [GIN-debug] GET    /operator/                --> project/orders/webserver.RegisterRoutes.func5 (3 handlers)
2017-06-02 14:24:45 - [GIN-debug] GET    /cook/                    --> project/orders/webserver.RegisterRoutes.func6 (3 handlers)
2017-06-02 14:24:45 - [GIN-debug] POST   /poststruct/              --> project/orders/webserver.RegisterRoutes.func7 (3 handlers)
2017-06-02 14:24:45 - [GIN-debug] POST   /                         --> project/orders/webserver.RegisterRoutes.func8 (3 handlers)
2017-06-02 14:24:45 - [GIN-debug] GET    /public/*filepath         --> github.com/gin-gonic/gin.(*RouterGroup).createStaticHandler.func1 (3 handlers)
2017-06-02 14:24:45 - [GIN-debug] HEAD   /public/*filepath         --> github.com/gin-gonic/gin.(*RouterGroup).createStaticHandler.func1 (3 handlers)
2017-06-02 14:24:45 - [GIN-debug] Listening and serving HTTP on :806
2017-06-02 14:26:02 - 
2017-06-02 14:26:02 - _______NEW_START_OF_SERVER_______
2017-06-02 14:26:02 - [GIN-debug] Loaded HTML Templates (4): 
	- cassir.html
	- sushimaker-list.html
	- index.html
	- operator.html

2017-06-02 14:26:02 - [GIN-debug] GET    /ws                       --> project/orders/webserver.RegisterRoutes.func1 (3 handlers)
2017-06-02 14:26:02 - [GIN-debug] GET    /                         --> project/orders/webserver.RegisterRoutes.func2 (3 handlers)
2017-06-02 14:26:02 - [GIN-debug] GET    /cook.sheldon/            --> project/orders/webserver.RegisterRoutes.func3 (3 handlers)
2017-06-02 14:26:02 - [GIN-debug] GET    /cassir/                  --> project/orders/webserver.RegisterRoutes.func4 (3 handlers)
2017-06-02 14:26:02 - [GIN-debug] GET    /operator/                --> project/orders/webserver.RegisterRoutes.func5 (3 handlers)
2017-06-02 14:26:02 - [GIN-debug] GET    /cook/                    --> project/orders/webserver.RegisterRoutes.func6 (3 handlers)
2017-06-02 14:26:02 - [GIN-debug] POST   /poststruct/              --> project/orders/webserver.RegisterRoutes.func7 (3 handlers)
2017-06-02 14:26:02 - [GIN-debug] POST   /                         --> project/orders/webserver.RegisterRoutes.func8 (3 handlers)
2017-06-02 14:26:02 - [GIN-debug] GET    /public/*filepath         --> github.com/gin-gonic/gin.(*RouterGroup).createStaticHandler.func1 (3 handlers)
2017-06-02 14:26:02 - [GIN-debug] HEAD   /public/*filepath         --> github.com/gin-gonic/gin.(*RouterGroup).createStaticHandler.func1 (3 handlers)
2017-06-02 14:26:02 - [GIN-debug] Listening and serving HTTP on :806
2017-06-02 14:31:54 - 
2017-06-02 14:31:54 - _______NEW_START_OF_SERVER_______
2017-06-02 14:31:54 - [GIN-debug] [WARNING] Running in "debug" mode. Switch to "release" mode in production.
 - using env:	export GIN_MODE=release
 - using code:	gin.SetMode(gin.ReleaseMode)

2017-06-02 14:31:54 - [GIN-debug] Loaded HTML Templates (4): 
	- cassir.html
	- sushimaker-list.html
	- index.html
	- operator.html

2017-06-02 14:31:54 - [GIN-debug] GET    /ws                       --> project/orders/webserver.RegisterRoutes.func1 (3 handlers)
2017-06-02 14:31:54 - [GIN-debug] GET    /                         --> project/orders/webserver.RegisterRoutes.func2 (3 handlers)
2017-06-02 14:31:54 - [GIN-debug] GET    /cook.sheldon/            --> project/orders/webserver.RegisterRoutes.func3 (3 handlers)
2017-06-02 14:31:54 - [GIN-debug] GET    /cassir/                  --> project/orders/webserver.RegisterRoutes.func4 (3 handlers)
2017-06-02 14:31:54 - [GIN-debug] GET    /operator/                --> project/orders/webserver.RegisterRoutes.func5 (3 handlers)
2017-06-02 14:31:54 - [GIN-debug] GET    /cook/                    --> project/orders/webserver.RegisterRoutes.func6 (3 handlers)
2017-06-02 14:31:54 - [GIN-debug] POST   /poststruct/              --> project/orders/webserver.RegisterRoutes.func7 (3 handlers)
2017-06-02 14:31:54 - [GIN-debug] POST   /                         --> project/orders/webserver.RegisterRoutes.func8 (3 handlers)
2017-06-02 14:31:54 - [GIN-debug] GET    /public/*filepath         --> github.com/gin-gonic/gin.(*RouterGroup).createStaticHandler.func1 (3 handlers)
2017-06-02 14:31:54 - [GIN-debug] HEAD   /public/*filepath         --> github.com/gin-gonic/gin.(*RouterGroup).createStaticHandler.func1 (3 handlers)
2017-06-02 14:31:54 - [GIN-debug] Listening and serving HTTP on :806
2017-06-02 14:31:57 - ERROR Insert:  pq: insert or update on table "order" violates foreign key constraint "order_fk0"
2017-06-02 14:33:11 - 
2017-06-02 14:33:11 - _______NEW_START_OF_SERVER_______
2017-06-02 14:33:11 - [GIN-debug] Loaded HTML Templates (4): 
	- sushimaker-list.html
	- index.html
	- operator.html
	- cassir.html

2017-06-02 14:33:11 - [GIN-debug] GET    /ws                       --> project/orders/webserver.RegisterRoutes.func1 (3 handlers)
2017-06-02 14:33:11 - [GIN-debug] GET    /                         --> project/orders/webserver.RegisterRoutes.func2 (3 handlers)
2017-06-02 14:33:11 - [GIN-debug] GET    /cook.sheldon/            --> project/orders/webserver.RegisterRoutes.func3 (3 handlers)
2017-06-02 14:33:11 - [GIN-debug] GET    /cassir/                  --> project/orders/webserver.RegisterRoutes.func4 (3 handlers)
2017-06-02 14:33:11 - [GIN-debug] GET    /operator/                --> project/orders/webserver.RegisterRoutes.func5 (3 handlers)
2017-06-02 14:33:11 - [GIN-debug] GET    /cook/                    --> project/orders/webserver.RegisterRoutes.func6 (3 handlers)
2017-06-02 14:33:11 - [GIN-debug] POST   /poststruct/              --> project/orders/webserver.RegisterRoutes.func7 (3 handlers)
2017-06-02 14:33:11 - [GIN-debug] POST   /                         --> project/orders/webserver.RegisterRoutes.func8 (3 handlers)
2017-06-02 14:33:11 - [GIN-debug] GET    /public/*filepath         --> github.com/gin-gonic/gin.(*RouterGroup).createStaticHandler.func1 (3 handlers)
2017-06-02 14:33:11 - [GIN-debug] HEAD   /public/*filepath         --> github.com/gin-gonic/gin.(*RouterGroup).createStaticHandler.func1 (3 handlers)
2017-06-02 14:33:11 - [GIN-debug] Listening and serving HTTP on :806
2017-06-02 14:33:16 - ERROR Insert:  pq: insert or update on table "order" violates foreign key constraint "order_fk0"
2017-06-02 14:33:28 - 
2017-06-02 14:33:28 - _______NEW_START_OF_SERVER_______
2017-06-02 14:33:28 - [GIN-debug] Loaded HTML Templates (4): 
	- cassir.html
	- sushimaker-list.html
	- index.html
	- operator.html

2017-06-02 14:33:28 - [GIN-debug] GET    /ws                       --> project/orders/webserver.RegisterRoutes.func1 (3 handlers)
2017-06-02 14:33:28 - [GIN-debug] GET    /                         --> project/orders/webserver.RegisterRoutes.func2 (3 handlers)
2017-06-02 14:33:28 - [GIN-debug] GET    /cook.sheldon/            --> project/orders/webserver.RegisterRoutes.func3 (3 handlers)
2017-06-02 14:33:28 - [GIN-debug] GET    /cassir/                  --> project/orders/webserver.RegisterRoutes.func4 (3 handlers)
2017-06-02 14:33:28 - [GIN-debug] GET    /operator/                --> project/orders/webserver.RegisterRoutes.func5 (3 handlers)
2017-06-02 14:33:28 - [GIN-debug] GET    /cook/                    --> project/orders/webserver.RegisterRoutes.func6 (3 handlers)
2017-06-02 14:33:28 - [GIN-debug] POST   /poststruct/              --> project/orders/webserver.RegisterRoutes.func7 (3 handlers)
2017-06-02 14:33:28 - [GIN-debug] POST   /                         --> project/orders/webserver.RegisterRoutes.func8 (3 handlers)
2017-06-02 14:33:28 - [GIN-debug] GET    /public/*filepath         --> github.com/gin-gonic/gin.(*RouterGroup).createStaticHandler.func1 (3 handlers)
2017-06-02 14:33:28 - [GIN-debug] HEAD   /public/*filepath         --> github.com/gin-gonic/gin.(*RouterGroup).createStaticHandler.func1 (3 handlers)
2017-06-02 14:33:28 - [GIN-debug] Listening and serving HTTP on :806
2017-06-02 14:34:50 - 
2017-06-02 14:34:50 - _______NEW_START_OF_SERVER_______
2017-06-02 14:34:50 - [GIN-debug] [WARNING] Running in "debug" mode. Switch to "release" mode in production.
 - using env:	export GIN_MODE=release
 - using code:	gin.SetMode(gin.ReleaseMode)

2017-06-02 14:34:50 - [GIN-debug] Loaded HTML Templates (4): 
	- cassir.html
	- sushimaker-list.html
	- index.html
	- operator.html

2017-06-02 14:34:50 - [GIN-debug] GET    /ws                       --> project/orders/webserver.RegisterRoutes.func1 (3 handlers)
2017-06-02 14:34:50 - [GIN-debug] GET    /                         --> project/orders/webserver.RegisterRoutes.func2 (3 handlers)
2017-06-02 14:34:50 - [GIN-debug] GET    /cook.sheldon/            --> project/orders/webserver.RegisterRoutes.func3 (3 handlers)
2017-06-02 14:34:50 - [GIN-debug] GET    /cassir/                  --> project/orders/webserver.RegisterRoutes.func4 (3 handlers)
2017-06-02 14:34:50 - [GIN-debug] GET    /operator/                --> project/orders/webserver.RegisterRoutes.func5 (3 handlers)
2017-06-02 14:34:50 - [GIN-debug] GET    /cook/                    --> project/orders/webserver.RegisterRoutes.func6 (3 handlers)
2017-06-02 14:34:50 - [GIN-debug] POST   /poststruct/              --> project/orders/webserver.RegisterRoutes.func7 (3 handlers)
2017-06-02 14:34:50 - [GIN-debug] POST   /                         --> project/orders/webserver.RegisterRoutes.func8 (3 handlers)
2017-06-02 14:34:50 - [GIN-debug] GET    /public/*filepath         --> github.com/gin-gonic/gin.(*RouterGroup).createStaticHandler.func1 (3 handlers)
2017-06-02 14:34:50 - [GIN-debug] HEAD   /public/*filepath         --> github.com/gin-gonic/gin.(*RouterGroup).createStaticHandler.func1 (3 handlers)
2017-06-02 14:34:50 - [GIN-debug] Listening and serving HTTP on :806
2017-06-02 14:34:54 - ERROR Insert:  no LastInsertId available
2017-06-02 14:42:27 - 
2017-06-02 14:42:27 - _______NEW_START_OF_SERVER_______
2017-06-02 14:43:03 - ERROR Insert:  pq: insert or update on table "order_list" violates foreign key constraint "order_list_fk0"
2017-06-02 14:43:21 - ERROR Insert:  pq: insert or update on table "order_list" violates foreign key constraint "order_list_fk0"
2017-06-02 14:43:26 - ERROR Insert:  pq: insert or update on table "order_list" violates foreign key constraint "order_list_fk0"
2017-06-02 14:43:35 - ERROR Insert:  pq: insert or update on table "order_list" violates foreign key constraint "order_list_fk0"
2017-06-02 14:43:48 - ERROR Insert:  pq: insert or update on table "order_list" violates foreign key constraint "order_list_fk0"
2017-06-02 14:46:14 - 00:x10027{OrderPersonal ERROR Create, TYPE PARAMETERS "" VALUES: []: pq: duplicate key value violates unique constraint "order_personal_order_id_order_id_item_user_hash_key"
2017-06-02 14:46:19 - 00:x10036{OrderPersonal ERROR Create, TYPE PARAMETERS "" VALUES: []: pq: duplicate key value violates unique constraint "order_personal_order_id_order_id_item_user_hash_key"
2017-06-02 14:47:21 - client:  dial tcp 82.146.49.30:7730: getsockopt: connection timed out
2017-06-02 15:03:03 - 
2017-06-02 15:03:03 - _______NEW_START_OF_SERVER_______
2017-06-02 15:03:03 - [GIN-debug] Loaded HTML Templates (4): 
	- cassir.html
	- sushimaker-list.html
	- index.html
	- operator.html

2017-06-02 15:03:03 - [GIN-debug] GET    /ws                       --> project/orders/webserver.RegisterRoutes.func1 (3 handlers)
2017-06-02 15:03:03 - [GIN-debug] GET    /                         --> project/orders/webserver.RegisterRoutes.func2 (3 handlers)
2017-06-02 15:03:03 - [GIN-debug] GET    /cook.sheldon/            --> project/orders/webserver.RegisterRoutes.func3 (3 handlers)
2017-06-02 15:03:03 - [GIN-debug] GET    /cassir/                  --> project/orders/webserver.RegisterRoutes.func4 (3 handlers)
2017-06-02 15:03:03 - [GIN-debug] GET    /operator/                --> project/orders/webserver.RegisterRoutes.func5 (3 handlers)
2017-06-02 15:03:03 - [GIN-debug] GET    /cook/                    --> project/orders/webserver.RegisterRoutes.func6 (3 handlers)
2017-06-02 15:03:03 - [GIN-debug] POST   /poststruct/              --> project/orders/webserver.RegisterRoutes.func7 (3 handlers)
2017-06-02 15:03:03 - [GIN-debug] POST   /                         --> project/orders/webserver.RegisterRoutes.func8 (3 handlers)
2017-06-02 15:03:03 - [GIN-debug] GET    /public/*filepath         --> github.com/gin-gonic/gin.(*RouterGroup).createStaticHandler.func1 (3 handlers)
2017-06-02 15:03:03 - [GIN-debug] HEAD   /public/*filepath         --> github.com/gin-gonic/gin.(*RouterGroup).createStaticHandler.func1 (3 handlers)
2017-06-02 15:03:03 - [GIN-debug] Listening and serving HTTP on :806
2017-06-02 15:03:09 - ERROR Insert:  pq: insert or update on table "order" violates foreign key constraint "order_fk0"
2017-06-02 15:04:01 - 
2017-06-02 15:04:01 - _______NEW_START_OF_SERVER_______
2017-06-02 15:04:01 - [GIN-debug] Loaded HTML Templates (4): 
	- cassir.html
	- sushimaker-list.html
	- index.html
	- operator.html

2017-06-02 15:04:01 - [GIN-debug] GET    /ws                       --> project/orders/webserver.RegisterRoutes.func1 (3 handlers)
2017-06-02 15:04:01 - [GIN-debug] GET    /                         --> project/orders/webserver.RegisterRoutes.func2 (3 handlers)
2017-06-02 15:04:01 - [GIN-debug] GET    /cook.sheldon/            --> project/orders/webserver.RegisterRoutes.func3 (3 handlers)
2017-06-02 15:04:01 - [GIN-debug] GET    /cassir/                  --> project/orders/webserver.RegisterRoutes.func4 (3 handlers)
2017-06-02 15:04:01 - [GIN-debug] GET    /operator/                --> project/orders/webserver.RegisterRoutes.func5 (3 handlers)
2017-06-02 15:04:01 - [GIN-debug] GET    /cook/                    --> project/orders/webserver.RegisterRoutes.func6 (3 handlers)
2017-06-02 15:04:01 - [GIN-debug] POST   /poststruct/              --> project/orders/webserver.RegisterRoutes.func7 (3 handlers)
2017-06-02 15:04:01 - [GIN-debug] POST   /                         --> project/orders/webserver.RegisterRoutes.func8 (3 handlers)
2017-06-02 15:04:01 - [GIN-debug] GET    /public/*filepath         --> github.com/gin-gonic/gin.(*RouterGroup).createStaticHandler.func1 (3 handlers)
2017-06-02 15:04:01 - [GIN-debug] HEAD   /public/*filepath         --> github.com/gin-gonic/gin.(*RouterGroup).createStaticHandler.func1 (3 handlers)
2017-06-02 15:04:01 - [GIN-debug] Listening and serving HTTP on :806
2017-06-02 15:04:18 - ERROR Insert:  pq: insert or update on table "order" violates foreign key constraint "order_fk0"
2017-06-02 15:28:53 - 
2017-06-02 15:28:53 - _______NEW_START_OF_SERVER_______
2017-06-02 15:28:53 - [GIN-debug] Loaded HTML Templates (4): 
	- cassir.html
	- sushimaker-list.html
	- index.html
	- operator.html

2017-06-02 15:28:53 - [GIN-debug] GET    /ws                       --> project/orders/webserver.RegisterRoutes.func1 (3 handlers)
2017-06-02 15:28:53 - [GIN-debug] GET    /                         --> project/orders/webserver.RegisterRoutes.func2 (3 handlers)
2017-06-02 15:28:53 - [GIN-debug] GET    /cook.sheldon/            --> project/orders/webserver.RegisterRoutes.func3 (3 handlers)
2017-06-02 15:28:53 - [GIN-debug] GET    /cassir/                  --> project/orders/webserver.RegisterRoutes.func4 (3 handlers)
2017-06-02 15:28:53 - [GIN-debug] GET    /operator/                --> project/orders/webserver.RegisterRoutes.func5 (3 handlers)
2017-06-02 15:28:53 - [GIN-debug] GET    /cook/                    --> project/orders/webserver.RegisterRoutes.func6 (3 handlers)
2017-06-02 15:28:53 - [GIN-debug] POST   /poststruct/              --> project/orders/webserver.RegisterRoutes.func7 (3 handlers)
2017-06-02 15:28:53 - [GIN-debug] POST   /                         --> project/orders/webserver.RegisterRoutes.func8 (3 handlers)
2017-06-02 15:28:53 - [GIN-debug] GET    /public/*filepath         --> github.com/gin-gonic/gin.(*RouterGroup).createStaticHandler.func1 (3 handlers)
2017-06-02 15:28:53 - [GIN-debug] HEAD   /public/*filepath         --> github.com/gin-gonic/gin.(*RouterGroup).createStaticHandler.func1 (3 handlers)
2017-06-02 15:28:53 - [GIN-debug] Listening and serving HTTP on :806
2017-06-02 15:28:58 - ERROR Insert:  pq: insert or update on table "order" violates foreign key constraint "order_fk0"
2017-06-02 15:29:59 - 
2017-06-02 15:29:59 - _______NEW_START_OF_SERVER_______
2017-06-02 15:29:59 - [GIN-debug] Loaded HTML Templates (4): 
	- sushimaker-list.html
	- index.html
	- operator.html
	- cassir.html

2017-06-02 15:29:59 - [GIN-debug] GET    /ws                       --> project/orders/webserver.RegisterRoutes.func1 (3 handlers)
2017-06-02 15:29:59 - [GIN-debug] GET    /                         --> project/orders/webserver.RegisterRoutes.func2 (3 handlers)
2017-06-02 15:29:59 - [GIN-debug] GET    /cook.sheldon/            --> project/orders/webserver.RegisterRoutes.func3 (3 handlers)
2017-06-02 15:29:59 - [GIN-debug] GET    /cassir/                  --> project/orders/webserver.RegisterRoutes.func4 (3 handlers)
2017-06-02 15:29:59 - [GIN-debug] GET    /operator/                --> project/orders/webserver.RegisterRoutes.func5 (3 handlers)
2017-06-02 15:29:59 - [GIN-debug] GET    /cook/                    --> project/orders/webserver.RegisterRoutes.func6 (3 handlers)
2017-06-02 15:29:59 - [GIN-debug] POST   /poststruct/              --> project/orders/webserver.RegisterRoutes.func7 (3 handlers)
2017-06-02 15:29:59 - [GIN-debug] POST   /                         --> project/orders/webserver.RegisterRoutes.func8 (3 handlers)
2017-06-02 15:29:59 - [GIN-debug] GET    /public/*filepath         --> github.com/gin-gonic/gin.(*RouterGroup).createStaticHandler.func1 (3 handlers)
2017-06-02 15:29:59 - [GIN-debug] HEAD   /public/*filepath         --> github.com/gin-gonic/gin.(*RouterGroup).createStaticHandler.func1 (3 handlers)
2017-06-02 15:29:59 - [GIN-debug] Listening and serving HTTP on :806
2017-06-02 15:30:03 - ERROR Insert:  pq: insert or update on table "order" violates foreign key constraint "order_fk0"
2017-06-02 15:31:23 - 
2017-06-02 15:31:23 - _______NEW_START_OF_SERVER_______
2017-06-02 15:31:23 - [GIN-debug] Loaded HTML Templates (4): 
	- cassir.html
	- sushimaker-list.html
	- index.html
	- operator.html

2017-06-02 15:31:23 - [GIN-debug] GET    /ws                       --> project/orders/webserver.RegisterRoutes.func1 (3 handlers)
2017-06-02 15:31:23 - [GIN-debug] GET    /                         --> project/orders/webserver.RegisterRoutes.func2 (3 handlers)
2017-06-02 15:31:23 - [GIN-debug] GET    /cook.sheldon/            --> project/orders/webserver.RegisterRoutes.func3 (3 handlers)
2017-06-02 15:31:23 - [GIN-debug] GET    /cassir/                  --> project/orders/webserver.RegisterRoutes.func4 (3 handlers)
2017-06-02 15:31:23 - [GIN-debug] GET    /operator/                --> project/orders/webserver.RegisterRoutes.func5 (3 handlers)
2017-06-02 15:31:23 - [GIN-debug] GET    /cook/                    --> project/orders/webserver.RegisterRoutes.func6 (3 handlers)
2017-06-02 15:31:23 - [GIN-debug] POST   /poststruct/              --> project/orders/webserver.RegisterRoutes.func7 (3 handlers)
2017-06-02 15:31:23 - [GIN-debug] POST   /                         --> project/orders/webserver.RegisterRoutes.func8 (3 handlers)
2017-06-02 15:31:23 - [GIN-debug] GET    /public/*filepath         --> github.com/gin-gonic/gin.(*RouterGroup).createStaticHandler.func1 (3 handlers)
2017-06-02 15:31:23 - [GIN-debug] HEAD   /public/*filepath         --> github.com/gin-gonic/gin.(*RouterGroup).createStaticHandler.func1 (3 handlers)
2017-06-02 15:31:23 - [GIN-debug] Listening and serving HTTP on :806
2017-06-02 15:31:28 - ERROR Insert:  pq: insert or update on table "order" violates foreign key constraint "order_fk0"
2017-06-02 15:32:41 - 
2017-06-02 15:32:41 - _______NEW_START_OF_SERVER_______
2017-06-02 15:32:41 - [GIN-debug] Loaded HTML Templates (4): 
	- cassir.html
	- sushimaker-list.html
	- index.html
	- operator.html

2017-06-02 15:32:41 - [GIN-debug] GET    /ws                       --> project/orders/webserver.RegisterRoutes.func1 (3 handlers)
2017-06-02 15:32:41 - [GIN-debug] GET    /                         --> project/orders/webserver.RegisterRoutes.func2 (3 handlers)
2017-06-02 15:32:41 - [GIN-debug] GET    /cook.sheldon/            --> project/orders/webserver.RegisterRoutes.func3 (3 handlers)
2017-06-02 15:32:41 - [GIN-debug] GET    /cassir/                  --> project/orders/webserver.RegisterRoutes.func4 (3 handlers)
2017-06-02 15:32:41 - [GIN-debug] GET    /operator/                --> project/orders/webserver.RegisterRoutes.func5 (3 handlers)
2017-06-02 15:32:41 - [GIN-debug] GET    /cook/                    --> project/orders/webserver.RegisterRoutes.func6 (3 handlers)
2017-06-02 15:32:41 - [GIN-debug] POST   /poststruct/              --> project/orders/webserver.RegisterRoutes.func7 (3 handlers)
2017-06-02 15:32:41 - [GIN-debug] POST   /                         --> project/orders/webserver.RegisterRoutes.func8 (3 handlers)
2017-06-02 15:32:41 - [GIN-debug] GET    /public/*filepath         --> github.com/gin-gonic/gin.(*RouterGroup).createStaticHandler.func1 (3 handlers)
2017-06-02 15:32:41 - [GIN-debug] HEAD   /public/*filepath         --> github.com/gin-gonic/gin.(*RouterGroup).createStaticHandler.func1 (3 handlers)
2017-06-02 15:32:41 - [GIN-debug] Listening and serving HTTP on :806
2017-06-02 15:32:48 - ERROR Insert:  pq: insert or update on table "order" violates foreign key constraint "order_fk0"
2017-06-02 15:33:17 - 
2017-06-02 15:33:17 - _______NEW_START_OF_SERVER_______
2017-06-02 15:33:17 - [GIN-debug] Loaded HTML Templates (4): 
	- cassir.html
	- sushimaker-list.html
	- index.html
	- operator.html

2017-06-02 15:33:17 - [GIN-debug] GET    /ws                       --> project/orders/webserver.RegisterRoutes.func1 (3 handlers)
2017-06-02 15:33:17 - [GIN-debug] GET    /                         --> project/orders/webserver.RegisterRoutes.func2 (3 handlers)
2017-06-02 15:33:17 - [GIN-debug] GET    /cook.sheldon/            --> project/orders/webserver.RegisterRoutes.func3 (3 handlers)
2017-06-02 15:33:17 - [GIN-debug] GET    /cassir/                  --> project/orders/webserver.RegisterRoutes.func4 (3 handlers)
2017-06-02 15:33:17 - [GIN-debug] GET    /operator/                --> project/orders/webserver.RegisterRoutes.func5 (3 handlers)
2017-06-02 15:33:17 - [GIN-debug] GET    /cook/                    --> project/orders/webserver.RegisterRoutes.func6 (3 handlers)
2017-06-02 15:33:17 - [GIN-debug] POST   /poststruct/              --> project/orders/webserver.RegisterRoutes.func7 (3 handlers)
2017-06-02 15:33:17 - [GIN-debug] POST   /                         --> project/orders/webserver.RegisterRoutes.func8 (3 handlers)
2017-06-02 15:33:17 - [GIN-debug] GET    /public/*filepath         --> github.com/gin-gonic/gin.(*RouterGroup).createStaticHandler.func1 (3 handlers)
2017-06-02 15:33:17 - [GIN-debug] HEAD   /public/*filepath         --> github.com/gin-gonic/gin.(*RouterGroup).createStaticHandler.func1 (3 handlers)
2017-06-02 15:33:17 - [GIN-debug] Listening and serving HTTP on :806
2017-06-02 15:33:21 - ERROR Insert:  pq: insert or update on table "order" violates foreign key constraint "order_fk0"
2017-06-02 15:33:47 - 
2017-06-02 15:33:47 - _______NEW_START_OF_SERVER_______
2017-06-02 15:33:47 - [GIN-debug] Loaded HTML Templates (4): 
	- cassir.html
	- sushimaker-list.html
	- index.html
	- operator.html

2017-06-02 15:33:47 - [GIN-debug] GET    /ws                       --> project/orders/webserver.RegisterRoutes.func1 (3 handlers)
2017-06-02 15:33:47 - [GIN-debug] GET    /                         --> project/orders/webserver.RegisterRoutes.func2 (3 handlers)
2017-06-02 15:33:47 - [GIN-debug] GET    /cook.sheldon/            --> project/orders/webserver.RegisterRoutes.func3 (3 handlers)
2017-06-02 15:33:47 - [GIN-debug] GET    /cassir/                  --> project/orders/webserver.RegisterRoutes.func4 (3 handlers)
2017-06-02 15:33:47 - [GIN-debug] GET    /operator/                --> project/orders/webserver.RegisterRoutes.func5 (3 handlers)
2017-06-02 15:33:47 - [GIN-debug] GET    /cook/                    --> project/orders/webserver.RegisterRoutes.func6 (3 handlers)
2017-06-02 15:33:47 - [GIN-debug] POST   /poststruct/              --> project/orders/webserver.RegisterRoutes.func7 (3 handlers)
2017-06-02 15:33:47 - [GIN-debug] POST   /                         --> project/orders/webserver.RegisterRoutes.func8 (3 handlers)
2017-06-02 15:33:47 - [GIN-debug] GET    /public/*filepath         --> github.com/gin-gonic/gin.(*RouterGroup).createStaticHandler.func1 (3 handlers)
2017-06-02 15:33:47 - [GIN-debug] HEAD   /public/*filepath         --> github.com/gin-gonic/gin.(*RouterGroup).createStaticHandler.func1 (3 handlers)
2017-06-02 15:33:47 - [GIN-debug] Listening and serving HTTP on :806
2017-06-02 15:33:52 - ERROR Insert:  pq: insert or update on table "order" violates foreign key constraint "order_fk0"
2017-06-02 15:34:08 - ERROR Insert:  pq: insert or update on table "order_list" violates foreign key constraint "order_list_fk0"
2017-06-02 15:37:09 - 
2017-06-02 15:37:09 - _______NEW_START_OF_SERVER_______
2017-06-02 15:37:15 - ERROR Insert:  pq: insert or update on table "order_list" violates foreign key constraint "order_list_fk0"
2017-06-02 15:39:33 - client:  dial tcp 192.168.0.132:501: getsockopt: connection refused
2017-06-02 15:45:43 - 00:{ ERROR , TYPE PARAMETERS "" VALUES: []: ERROR MARSHAL_STRUCT_TABLE
2017-06-02 16:20:05 - client:  dial tcp 82.146.49.30:7730: getsockopt: connection timed out
2017-06-02 16:20:19 - client:  dial tcp 82.146.49.30:7730: getsockopt: connection timed out
2017-06-02 16:20:20 - client:  dial tcp 82.146.49.30:7730: getsockopt: connection timed out
2017-06-02 16:22:06 - client:  dial tcp 82.146.49.30:7730: getsockopt: connection timed out
2017-06-02 16:22:13 - client:  dial tcp 82.146.49.30:7730: getsockopt: connection timed out
2017-06-02 16:22:17 - client:  dial tcp 82.146.49.30:7730: getsockopt: connection timed out
2017-06-02 16:24:08 - ERROR get message 192.168.0.132:441 : [48 48 58 32 83 101 115 115 105 111 110 58 70 85 78 67 84 73 79 78 95 73 83 95 78 79 84 95 73 68 69 78 84 73 70 73 69 68]
2017-06-02 16:24:25 - ERROR get message 192.168.0.132:441 : [48 48 58 32 83 101 115 115 105 111 110 58 70 85 78 67 84 73 79 78 95 73 83 95 78 79 84 95 73 68 69 78 84 73 70 73 69 68]
2017-06-02 16:24:54 - ERROR get message 192.168.0.132:441 : [48 48 58 32 83 101 115 115 105 111 110 58 70 85 78 67 84 73 79 78 95 73 83 95 78 79 84 95 73 68 69 78 84 73 70 73 69 68]
2017-06-02 16:25:00 - ERROR get message 192.168.0.132:441 : [48 48 58 32 83 101 115 115 105 111 110 58 70 85 78 67 84 73 79 78 95 73 83 95 78 79 84 95 73 68 69 78 84 73 70 73 69 68]
2017-06-02 16:25:27 - ERROR get message 192.168.0.132:441 : [48 48 58 32 83 101 115 115 105 111 110 58 70 85 78 67 84 73 79 78 95 73 83 95 78 79 84 95 73 68 69 78 84 73 70 73 69 68]
2017-06-02 16:44:14 - ERROR get message 192.168.0.132:441 : [48 48 58 32 83 101 115 115 105 111 110 58 70 85 78 67 84 73 79 78 95 73 83 95 78 79 84 95 73 68 69 78 84 73 70 73 69 68]
2017-06-02 16:44:26 - ERROR get message 192.168.0.132:483 : [48 48 58 67 114 101 97 116 101 32 67 108 105 101 110 116 73 110 102 111 58 208 157 208 181 32 209 131 208 186 208 176 208 183 208 176 208 189 32 208 189 208 190 208 188 208 181 209 128 32 209 130 208 181 208 187 208 181 209 132 208 190 208 189 208 176 46]
2017-06-02 16:44:26 - ERROR get message 192.168.0.132:483 : [48 48 58 67 114 101 97 116 101 32 67 108 105 101 110 116 79 114 100 101 114 115 65 100 100 114 101 115 115 58 112 113 58 32 208 189 209 131 208 187 208 181 208 178 208 190 208 181 32 208 183 208 189 208 176 209 135 208 181 208 189 208 184 208 181 32 208 178 32 209 129 209 130 208 190 208 187 208 177 209 134 208 181 32 34 67 108 105 101 110 116 72 97 115 104 34 32 208 189 208 176 209 128 209 131 209 136 208 176 208 181 209 130 32 208 190 208 179 209 128 208 176 208 189 208 184 209 135 208 181 208 189 208 184 208 181 32 78 79 84 32 78 85 76 76]
2017-06-02 16:44:30 - ERROR get message 192.168.0.132:441 : [48 48 58 32 83 101 115 115 105 111 110 58 70 85 78 67 84 73 79 78 95 73 83 95 78 79 84 95 73 68 69 78 84 73 70 73 69 68]
2017-06-02 16:44:33 - ERROR get message 192.168.0.132:441 : [48 48 58 32 83 101 115 115 105 111 110 58 70 85 78 67 84 73 79 78 95 73 83 95 78 79 84 95 73 68 69 78 84 73 70 73 69 68]
2017-06-02 16:44:47 - ERROR get message 192.168.0.132:441 : [48 48 58 32 83 101 115 115 105 111 110 58 70 85 78 67 84 73 79 78 95 73 83 95 78 79 84 95 73 68 69 78 84 73 70 73 69 68]
2017-06-02 16:54:50 - ERROR get message 192.168.0.132:441 : [48 48 58 32 83 101 115 115 105 111 110 58 70 85 78 67 84 73 79 78 95 73 83 95 78 79 84 95 73 68 69 78 84 73 70 73 69 68]
2017-06-02 16:54:53 - ERROR get message 192.168.0.132:441 : [48 48 58 32 83 101 115 115 105 111 110 58 70 85 78 67 84 73 79 78 95 73 83 95 78 79 84 95 73 68 69 78 84 73 70 73 69 68]
2017-06-02 17:09:07 - 00:x10041{OrderPersonal ERROR Create, TYPE PARAMETERS "" VALUES: []: pq: duplicate key value violates unique constraint "order_personal_order_id_order_id_item_user_hash_key"
2017-06-02 17:09:10 - 00:x10049{OrderPersonal ERROR Create, TYPE PARAMETERS "" VALUES: []: pq: duplicate key value violates unique constraint "order_personal_order_id_order_id_item_user_hash_key"
2017-06-02 17:09:16 - 00:x10060{OrderPersonal ERROR Create, TYPE PARAMETERS "" VALUES: []: pq: duplicate key value violates unique constraint "order_personal_order_id_order_id_item_user_hash_key"
2017-06-02 17:09:19 - 00:x10070{OrderPersonal ERROR Create, TYPE PARAMETERS "" VALUES: []: pq: duplicate key value violates unique constraint "order_personal_order_id_order_id_item_user_hash_key"
2017-06-02 17:13:31 - ERROR get message 192.168.0.132:441 : [48 48 58 32 83 101 115 115 105 111 110 58 70 85 78 67 84 73 79 78 95 73 83 95 78 79 84 95 73 68 69 78 84 73 70 73 69 68]
