2017-06-05 09:51:22 - 
2017-06-05 09:51:22 - _______NEW_START_OF_SERVER_______
2017-06-05 09:51:22 - [GIN-debug] Loaded HTML Templates (4): 
	- operator.html
	- cassir.html
	- sushimaker-list.html
	- index.html

2017-06-05 09:51:22 - [GIN-debug] GET    /ws                       --> project/orders/webserver.RegisterRoutes.func1 (3 handlers)
2017-06-05 09:51:22 - [GIN-debug] GET    /                         --> project/orders/webserver.RegisterRoutes.func2 (3 handlers)
2017-06-05 09:51:22 - [GIN-debug] GET    /cook.sheldon/            --> project/orders/webserver.RegisterRoutes.func3 (3 handlers)
2017-06-05 09:51:22 - [GIN-debug] GET    /cassir/                  --> project/orders/webserver.RegisterRoutes.func4 (3 handlers)
2017-06-05 09:51:22 - [GIN-debug] GET    /operator/                --> project/orders/webserver.RegisterRoutes.func5 (3 handlers)
2017-06-05 09:51:22 - [GIN-debug] GET    /cook/                    --> project/orders/webserver.RegisterRoutes.func6 (3 handlers)
2017-06-05 09:51:22 - [GIN-debug] POST   /poststruct/              --> project/orders/webserver.RegisterRoutes.func7 (3 handlers)
2017-06-05 09:51:22 - [GIN-debug] POST   /                         --> project/orders/webserver.RegisterRoutes.func8 (3 handlers)
2017-06-05 09:51:22 - [GIN-debug] GET    /public/*filepath         --> github.com/gin-gonic/gin.(*RouterGroup).createStaticHandler.func1 (3 handlers)
2017-06-05 09:51:22 - [GIN-debug] HEAD   /public/*filepath         --> github.com/gin-gonic/gin.(*RouterGroup).createStaticHandler.func1 (3 handlers)
2017-06-05 09:51:22 - [GIN-debug] Listening and serving HTTP on :806
2017-06-05 09:51:52 - 
2017-06-05 09:51:52 - _______NEW_START_OF_SERVER_______
2017-06-05 09:52:29 - ERROR get message 192.168.0.132:441 : [48 48 58 32 83 101 115 115 105 111 110 58 70 85 78 67 84 73 79 78 95 73 83 95 78 79 84 95 73 68 69 78 84 73 70 73 69 68]
2017-06-05 09:53:00 - ERROR get message 192.168.0.132:441 : [48 48 58 32 83 101 115 115 105 111 110 58 70 85 78 67 84 73 79 78 95 73 83 95 78 79 84 95 73 68 69 78 84 73 70 73 69 68]
2017-06-05 09:53:33 - ERROR get message 192.168.0.132:441 : [48 48 58 32 83 101 115 115 105 111 110 58 70 85 78 67 84 73 79 78 95 73 83 95 78 79 84 95 73 68 69 78 84 73 70 73 69 68]
2017-06-05 09:56:59 - 
2017-06-05 09:56:59 - _______NEW_START_OF_SERVER_______
2017-06-05 09:56:59 - [GIN-debug] Loaded HTML Templates (4): 
	- cassir.html
	- sushimaker-list.html
	- index.html
	- operator.html

2017-06-05 09:56:59 - [GIN-debug] GET    /ws                       --> project/orders/webserver.RegisterRoutes.func1 (3 handlers)
2017-06-05 09:56:59 - [GIN-debug] GET    /                         --> project/orders/webserver.RegisterRoutes.func2 (3 handlers)
2017-06-05 09:56:59 - [GIN-debug] GET    /cook.sheldon/            --> project/orders/webserver.RegisterRoutes.func3 (3 handlers)
2017-06-05 09:56:59 - [GIN-debug] GET    /cassir/                  --> project/orders/webserver.RegisterRoutes.func4 (3 handlers)
2017-06-05 09:56:59 - [GIN-debug] GET    /operator/                --> project/orders/webserver.RegisterRoutes.func5 (3 handlers)
2017-06-05 09:56:59 - [GIN-debug] GET    /cook/                    --> project/orders/webserver.RegisterRoutes.func6 (3 handlers)
2017-06-05 09:56:59 - [GIN-debug] POST   /poststruct/              --> project/orders/webserver.RegisterRoutes.func7 (3 handlers)
2017-06-05 09:56:59 - [GIN-debug] POST   /                         --> project/orders/webserver.RegisterRoutes.func8 (3 handlers)
2017-06-05 09:56:59 - [GIN-debug] GET    /public/*filepath         --> github.com/gin-gonic/gin.(*RouterGroup).createStaticHandler.func1 (3 handlers)
2017-06-05 09:56:59 - [GIN-debug] HEAD   /public/*filepath         --> github.com/gin-gonic/gin.(*RouterGroup).createStaticHandler.func1 (3 handlers)
2017-06-05 09:56:59 - [GIN-debug] Listening and serving HTTP on :80
2017-06-05 09:57:31 - 
2017-06-05 09:57:31 - _______NEW_START_OF_SERVER_______
2017-06-05 09:57:31 - [GIN-debug] Loaded HTML Templates (4): 
	- cassir.html
	- sushimaker-list.html
	- index.html
	- operator.html

2017-06-05 09:57:31 - [GIN-debug] GET    /ws                       --> project/orders/webserver.RegisterRoutes.func1 (3 handlers)
2017-06-05 09:57:31 - [GIN-debug] GET    /                         --> project/orders/webserver.RegisterRoutes.func2 (3 handlers)
2017-06-05 09:57:31 - [GIN-debug] GET    /cook.sheldon/            --> project/orders/webserver.RegisterRoutes.func3 (3 handlers)
2017-06-05 09:57:31 - [GIN-debug] GET    /cassir/                  --> project/orders/webserver.RegisterRoutes.func4 (3 handlers)
2017-06-05 09:57:31 - [GIN-debug] GET    /operator/                --> project/orders/webserver.RegisterRoutes.func5 (3 handlers)
2017-06-05 09:57:31 - [GIN-debug] GET    /cook/                    --> project/orders/webserver.RegisterRoutes.func6 (3 handlers)
2017-06-05 09:57:31 - [GIN-debug] POST   /poststruct/              --> project/orders/webserver.RegisterRoutes.func7 (3 handlers)
2017-06-05 09:57:31 - [GIN-debug] POST   /                         --> project/orders/webserver.RegisterRoutes.func8 (3 handlers)
2017-06-05 09:57:31 - [GIN-debug] GET    /public/*filepath         --> github.com/gin-gonic/gin.(*RouterGroup).createStaticHandler.func1 (3 handlers)
2017-06-05 09:57:31 - [GIN-debug] HEAD   /public/*filepath         --> github.com/gin-gonic/gin.(*RouterGroup).createStaticHandler.func1 (3 handlers)
2017-06-05 09:57:31 - [GIN-debug] Listening and serving HTTP on :80
